<?xml version="1.0" encoding="UTF-8"?>
<robot generator="Robot 4.1.3 (Python 3.7.5 on win32)" generated="20220316 16:41:04.149" rpa="true" schemaversion="2">
<suite id="s1" name="Tasks" source="e:\Internshala\1-Xorion Technologies Pvt Ltd., Nagpur\Projects\Amazon-Webscrapping-Automation-Using-Robocorp\tasks.robot">
<test id="s1-t1" name="Insert the samsung mobile data into excel file from amazon website">
<kw name="Open the website">
<kw name="Open Available Browser" library="RPA.Browser.Selenium">
<arg>https://www.amazon.in/</arg>
<doc>Attempts to open a browser on the user's device from a set of
supported browsers. Automatically downloads a corresponding webdriver
if none is already installed.</doc>
<msg timestamp="20220316 16:41:07.437" level="INFO">Creating an instance of the Chrome WebDriver.</msg>
<msg timestamp="20220316 16:41:07.481" level="INFO">Created download root directory: C:\Users\abagd\AppData\Local\robocorp\webdrivers</msg>
<msg timestamp="20220316 16:41:07.481" level="INFO">Created symlink directory: C:\Users\abagd\AppData\Local\robocorp\webdrivers</msg>
<msg timestamp="20220316 16:41:07.482" level="INFO">Creating an instance of the Chrome WebDriver.</msg>
<msg timestamp="20220316 16:41:08.632" level="INFO">Created Chrome browser with arguments: --disable-dev-shm-usage --disable-web-security --allow-running-insecure-content --no-sandbox</msg>
<msg timestamp="20220316 16:41:08.632" level="INFO" html="true">&lt;p&gt;Attempted combinations:&lt;/p&gt;&lt;div class="doc"&gt;&lt;table&gt;&lt;tr&gt;&lt;th&gt;Browser&lt;/th&gt;&lt;th&gt;Download&lt;/th&gt;&lt;th&gt;Error&lt;/th&gt;&lt;/tr&gt;&lt;tr&gt;&lt;td&gt;Chrome&lt;/td&gt;&lt;td&gt;False&lt;/td&gt;&lt;td&gt;Message: 'chromedriver' executable needs to be in PATH. Please see https://sites.google.com/a/chromium.org/chromedriver/home
&lt;/td&gt;&lt;/tr&gt;&lt;tr&gt;&lt;td&gt;Chrome&lt;/td&gt;&lt;td&gt;True&lt;/td&gt;&lt;td&gt;&lt;/td&gt;&lt;/tr&gt;&lt;/table&gt;&lt;/div&gt;</msg>
<msg timestamp="20220316 16:41:08.632" level="INFO">Opening url 'https://www.amazon.in/'</msg>
<status status="PASS" starttime="20220316 16:41:07.436" endtime="20220316 16:41:14.721"/>
</kw>
<kw name="Maximize Browser Window" library="RPA.Browser.Selenium">
<doc>Maximizes current browser window.</doc>
<status status="PASS" starttime="20220316 16:41:14.721" endtime="20220316 16:41:14.861"/>
</kw>
<status status="PASS" starttime="20220316 16:41:07.436" endtime="20220316 16:41:14.862"/>
</kw>
<kw name="Search Samsung Mobiles">
<kw name="Wait Until Element Is Visible" library="RPA.Browser.Selenium">
<arg>xpath://*[@id="twotabsearchtextbox"]</arg>
<doc>Waits until the element ``locator`` is visible.</doc>
<status status="PASS" starttime="20220316 16:41:14.863" endtime="20220316 16:41:14.934"/>
</kw>
<kw name="Input Text" library="RPA.Browser.Selenium">
<arg>xpath://*[@id="twotabsearchtextbox"]</arg>
<arg>samsung Mobiles</arg>
<doc>Types the given ``text`` into the text field identified by ``locator``.</doc>
<msg timestamp="20220316 16:41:14.935" level="INFO">Typing text 'samsung Mobiles' into text field 'xpath://*[@id="twotabsearchtextbox"]'.</msg>
<status status="PASS" starttime="20220316 16:41:14.935" endtime="20220316 16:41:15.066"/>
</kw>
<kw name="Click Button" library="RPA.Browser.Selenium">
<arg>nav-search-submit-button</arg>
<doc>Clicks the button identified by ``locator``.</doc>
<msg timestamp="20220316 16:41:15.067" level="INFO">Clicking button 'nav-search-submit-button'.</msg>
<status status="PASS" starttime="20220316 16:41:15.066" endtime="20220316 16:41:17.377"/>
</kw>
<status status="PASS" starttime="20220316 16:41:14.862" endtime="20220316 16:41:17.379"/>
</kw>
<kw name="Get HTML Data into table">
<kw name="Create List" library="BuiltIn">
<var>${values}</var>
<arg>Model Name</arg>
<arg>Wireless Carrier</arg>
<arg>Brand</arg>
<arg>Form Factor</arg>
<arg>Memory storage capacity</arg>
<arg>Price</arg>
<doc>Returns a list containing given items.</doc>
<msg timestamp="20220316 16:41:17.381" level="INFO">${values} = ['Model Name', 'Wireless Carrier', 'Brand', 'Form Factor', 'Memory storage capacity', 'Price']</msg>
<status status="PASS" starttime="20220316 16:41:17.379" endtime="20220316 16:41:17.381"/>
</kw>
<kw name="Set Variable" library="BuiltIn">
<var>${Column}</var>
<arg>${1}</arg>
<doc>Returns the given values which can then be assigned to a variables.</doc>
<msg timestamp="20220316 16:41:17.382" level="INFO">${Column} = 1</msg>
<status status="PASS" starttime="20220316 16:41:17.381" endtime="20220316 16:41:17.382"/>
</kw>
<kw name="Create Workbook" library="RPA.Excel.Files">
<arg>Scrap_Data.xlsx</arg>
<doc>Create and open a new Excel workbook.</doc>
<status status="PASS" starttime="20220316 16:41:17.382" endtime="20220316 16:41:17.387"/>
</kw>
<for flavor="IN">
<var>${n}</var>
<value>@{Values}</value>
<iter>
<var name="${n}">Model Name</var>
<kw name="Set Cell Value" library="RPA.Excel.Files">
<arg>1</arg>
<arg>${column}</arg>
<arg>${n}</arg>
<doc>Set a cell value in the given worksheet.</doc>
<status status="PASS" starttime="20220316 16:41:17.387" endtime="20220316 16:41:17.388"/>
</kw>
<kw name="Set Variable" library="BuiltIn">
<var>${Column}</var>
<arg>${${Column}+${1}}</arg>
<doc>Returns the given values which can then be assigned to a variables.</doc>
<msg timestamp="20220316 16:41:17.389" level="INFO">${Column} = 2</msg>
<status status="PASS" starttime="20220316 16:41:17.388" endtime="20220316 16:41:17.389"/>
</kw>
<status status="PASS" starttime="20220316 16:41:17.387" endtime="20220316 16:41:17.389"/>
</iter>
<iter>
<var name="${n}">Wireless Carrier</var>
<kw name="Set Cell Value" library="RPA.Excel.Files">
<arg>1</arg>
<arg>${column}</arg>
<arg>${n}</arg>
<doc>Set a cell value in the given worksheet.</doc>
<status status="PASS" starttime="20220316 16:41:17.389" endtime="20220316 16:41:17.390"/>
</kw>
<kw name="Set Variable" library="BuiltIn">
<var>${Column}</var>
<arg>${${Column}+${1}}</arg>
<doc>Returns the given values which can then be assigned to a variables.</doc>
<msg timestamp="20220316 16:41:17.391" level="INFO">${Column} = 3</msg>
<status status="PASS" starttime="20220316 16:41:17.390" endtime="20220316 16:41:17.391"/>
</kw>
<status status="PASS" starttime="20220316 16:41:17.389" endtime="20220316 16:41:17.391"/>
</iter>
<iter>
<var name="${n}">Brand</var>
<kw name="Set Cell Value" library="RPA.Excel.Files">
<arg>1</arg>
<arg>${column}</arg>
<arg>${n}</arg>
<doc>Set a cell value in the given worksheet.</doc>
<status status="PASS" starttime="20220316 16:41:17.391" endtime="20220316 16:41:17.392"/>
</kw>
<kw name="Set Variable" library="BuiltIn">
<var>${Column}</var>
<arg>${${Column}+${1}}</arg>
<doc>Returns the given values which can then be assigned to a variables.</doc>
<msg timestamp="20220316 16:41:17.394" level="INFO">${Column} = 4</msg>
<status status="PASS" starttime="20220316 16:41:17.392" endtime="20220316 16:41:17.394"/>
</kw>
<status status="PASS" starttime="20220316 16:41:17.391" endtime="20220316 16:41:17.394"/>
</iter>
<iter>
<var name="${n}">Form Factor</var>
<kw name="Set Cell Value" library="RPA.Excel.Files">
<arg>1</arg>
<arg>${column}</arg>
<arg>${n}</arg>
<doc>Set a cell value in the given worksheet.</doc>
<status status="PASS" starttime="20220316 16:41:17.394" endtime="20220316 16:41:17.395"/>
</kw>
<kw name="Set Variable" library="BuiltIn">
<var>${Column}</var>
<arg>${${Column}+${1}}</arg>
<doc>Returns the given values which can then be assigned to a variables.</doc>
<msg timestamp="20220316 16:41:17.397" level="INFO">${Column} = 5</msg>
<status status="PASS" starttime="20220316 16:41:17.395" endtime="20220316 16:41:17.397"/>
</kw>
<status status="PASS" starttime="20220316 16:41:17.394" endtime="20220316 16:41:17.397"/>
</iter>
<iter>
<var name="${n}">Memory storage capacity</var>
<kw name="Set Cell Value" library="RPA.Excel.Files">
<arg>1</arg>
<arg>${column}</arg>
<arg>${n}</arg>
<doc>Set a cell value in the given worksheet.</doc>
<status status="PASS" starttime="20220316 16:41:17.397" endtime="20220316 16:41:17.397"/>
</kw>
<kw name="Set Variable" library="BuiltIn">
<var>${Column}</var>
<arg>${${Column}+${1}}</arg>
<doc>Returns the given values which can then be assigned to a variables.</doc>
<msg timestamp="20220316 16:41:17.399" level="INFO">${Column} = 6</msg>
<status status="PASS" starttime="20220316 16:41:17.398" endtime="20220316 16:41:17.399"/>
</kw>
<status status="PASS" starttime="20220316 16:41:17.397" endtime="20220316 16:41:17.399"/>
</iter>
<iter>
<var name="${n}">Price</var>
<kw name="Set Cell Value" library="RPA.Excel.Files">
<arg>1</arg>
<arg>${column}</arg>
<arg>${n}</arg>
<doc>Set a cell value in the given worksheet.</doc>
<status status="PASS" starttime="20220316 16:41:17.399" endtime="20220316 16:41:17.400"/>
</kw>
<kw name="Set Variable" library="BuiltIn">
<var>${Column}</var>
<arg>${${Column}+${1}}</arg>
<doc>Returns the given values which can then be assigned to a variables.</doc>
<msg timestamp="20220316 16:41:17.401" level="INFO">${Column} = 7</msg>
<status status="PASS" starttime="20220316 16:41:17.400" endtime="20220316 16:41:17.401"/>
</kw>
<status status="PASS" starttime="20220316 16:41:17.399" endtime="20220316 16:41:17.401"/>
</iter>
<status status="PASS" starttime="20220316 16:41:17.387" endtime="20220316 16:41:17.401"/>
</for>
<kw name="Save Workbook" library="RPA.Excel.Files">
<doc>Save the active workbook.</doc>
<status status="PASS" starttime="20220316 16:41:17.401" endtime="20220316 16:41:17.427"/>
</kw>
<kw name="Set Selenium Timeout" library="RPA.Browser.Selenium">
<arg>10</arg>
<doc>Sets the timeout that is used by various keywords.</doc>
<status status="PASS" starttime="20220316 16:41:17.427" endtime="20220316 16:41:17.429"/>
</kw>
<kw name="Create List" library="BuiltIn">
<var>@{MOBILE-LOCATORS}</var>
<arg>//*[@id="search"]/div[1]/div[1]/div/span[3]/div[2]/div[4]/div/div/div/div/div/div/div/div[2]/div/div/div[1]/h2/a/span</arg>
<arg>//*[@id="search"]/div[1]/div[1]/div/span[3]/div[2]/div[5]/div/div/div/div/div/div/div/div[2]/div/div/div[1]/h2/a/span</arg>
<arg>//*[@id="search"]/div[1]/div[1]/div/span[3]/div[2]/div[6]/div/div/div/div/div/div[2]/div/div/div[1]/h2/a/span</arg>
<arg>//*[@id="search"]/div[1]/div[1]/div/span[3]/div[2]/div[7]/div/div/div/div/div/div[2]/div/div/div[1]/h2/a/span</arg>
<arg>//*[@id="search"]/div[1]/div[1]/div/span[3]/div[2]/div[8]/div/div/div/div/div/div[2]/div/div/div[1]/h2/a/span</arg>
<arg>//*[@id="search"]/div[1]/div[1]/div/span[3]/div[2]/div[10]/div/div/div/div/div/div[2]/div/div/div[1]/h2/a/span</arg>
<arg>//*[@id="search"]/div[1]/div[1]/div/span[3]/div[2]/div[11]/div/div/div/div/div/div[2]/div/div/div[1]/h2/a/span</arg>
<arg>//*[@id="search"]/div[1]/div[1]/div/span[3]/div[2]/div[12]/div/div/div/div/div/div[2]/div/div/div[1]/h2/a/span</arg>
<arg>//*[@id="search"]/div[1]/div[1]/div/span[3]/div[2]/div[13]/div/div/div/div/div/div[2]/div/div/div[1]/h2/a/span</arg>
<arg>//*[@id="search"]/div[1]/div[1]/div/span[3]/div[2]/div[14]/div/div/div/div/div/div[2]/div/div/div[1]/h2/a/span</arg>
<doc>Returns a list containing given items.</doc>
<msg timestamp="20220316 16:41:17.430" level="INFO">@{MOBILE-LOCATORS} = [ //*[@id="search"]/div[1]/div[1]/div/span[3]/div[2]/div[4]/div/div/div/div/div/div/div/div[2]/div/div/div[1]/h2/a/span | //*[@id="search"]/div[1]/div[1]/div/span[3]/div[2]/div[5]/div/div/div/div/div/...</msg>
<status status="PASS" starttime="20220316 16:41:17.429" endtime="20220316 16:41:17.430"/>
</kw>
<kw name="Create List" library="BuiltIn">
<var>@{COUNTS}</var>
<arg>${1}</arg>
<arg>${2}</arg>
<arg>${3}</arg>
<arg>${4}</arg>
<arg>${5}</arg>
<arg>${6}</arg>
<arg>${7}</arg>
<arg>${8}</arg>
<arg>${9}</arg>
<arg>${10}</arg>
<doc>Returns a list containing given items.</doc>
<msg timestamp="20220316 16:41:17.433" level="INFO">@{COUNTS} = [ 1 | 2 | 3 | 4 | 5 | 6 | 7 | 8 | 9 | 10 ]</msg>
<status status="PASS" starttime="20220316 16:41:17.430" endtime="20220316 16:41:17.433"/>
</kw>
<for flavor="IN ZIP">
<var>${COUNT}</var>
<var>${MOBILE-LOCATOR}</var>
<value>${COUNTS}</value>
<value>${MOBILE-LOCATORS}</value>
<iter>
<var name="${COUNT}">1</var>
<var name="${MOBILE-LOCATOR}">//*[@id="search"]/div[1]/div[1]/div/span[3]/div[2]/div[4]/div/div/div/div/div/div/div/div[2]/div/div/div[1]/h2/a/span</var>
<kw name="Get Window Handles" library="RPA.Browser.Selenium">
<var>${handles}</var>
<doc>Returns all child window handles of the selected browser as a list.</doc>
<msg timestamp="20220316 16:41:17.437" level="INFO">${handles} = ['CDwindow-9D2E9C4B16894F0B10DCB2616CB22EC7']</msg>
<status status="PASS" starttime="20220316 16:41:17.434" endtime="20220316 16:41:17.437"/>
</kw>
<kw name="Switch Window" library="RPA.Browser.Selenium">
<arg>${handles}[0]</arg>
<doc>Switches to browser window matching ``locator``.</doc>
<status status="PASS" starttime="20220316 16:41:17.437" endtime="20220316 16:41:17.450"/>
</kw>
<kw name="Click Element When Visible" library="RPA.Browser.Selenium">
<arg>${MOBILE-LOCATOR}</arg>
<doc>Click element identified by ``locator``, once it becomes visible.</doc>
<msg timestamp="20220316 16:41:17.493" level="INFO">Clicking element '//*[@id="search"]/div[1]/div[1]/div/span[3]/div[2]/div[4]/div/div/div/div/div/div/div/div[2]/div/div/div[1]/h2/a/span'.</msg>
<status status="PASS" starttime="20220316 16:41:17.450" endtime="20220316 16:41:17.600"/>
</kw>
<kw name="Get Window Handles" library="RPA.Browser.Selenium">
<var>${handles}</var>
<doc>Returns all child window handles of the selected browser as a list.</doc>
<msg timestamp="20220316 16:41:17.603" level="INFO">${handles} = ['CDwindow-9D2E9C4B16894F0B10DCB2616CB22EC7', 'CDwindow-512CC9543588B05099ABDA4A7EB8D15C']</msg>
<status status="PASS" starttime="20220316 16:41:17.600" endtime="20220316 16:41:17.603"/>
</kw>
<kw name="Switch Window" library="RPA.Browser.Selenium">
<arg>${handles}[1]</arg>
<doc>Switches to browser window matching ``locator``.</doc>
<status status="PASS" starttime="20220316 16:41:17.603" endtime="20220316 16:41:17.650"/>
</kw>
<kw name="Get Text" library="RPA.Browser.Selenium">
<var>${Price}</var>
<arg>xpath://*[@id="corePrice_desktop"]/div/table/tbody/tr[2]/td[2]/span[1]/span[2]</arg>
<doc>Returns the text value of the element identified by ``locator``.</doc>
<msg timestamp="20220316 16:41:23.806" level="INFO">${Price} = ₹22,999.00</msg>
<status status="PASS" starttime="20220316 16:41:17.650" endtime="20220316 16:41:23.806"/>
</kw>
<kw name="Get Element Attribute" library="RPA.Browser.Selenium">
<var>${Html_Table}</var>
<arg>css:#productOverview_feature_div</arg>
<arg>outerHTML</arg>
<doc>Returns the value of ``attribute`` from the element ``locator``.</doc>
<msg timestamp="20220316 16:41:23.828" level="INFO">${Html_Table} = &lt;div id="productOverview_feature_div" class="celwidget" data-feature-name="productOverview" data-csa-c-id="buw1x7-rivt7j-iwuuhw-9eq87h" data-cel-widget="productOverview_feature_div"&gt;
                 ...</msg>
<status status="PASS" starttime="20220316 16:41:23.807" endtime="20220316 16:41:23.828"/>
</kw>
<kw name="Read Table From Html" library="html_tables">
<var>${table}</var>
<arg>${html_table}</arg>
<doc>Parses and returns the given HTML table as a Table structure.</doc>
<msg timestamp="20220316 16:41:23.832" level="INFO">${table} = Table(columns=[0, 1], rows=5)</msg>
<status status="PASS" starttime="20220316 16:41:23.829" endtime="20220316 16:41:23.832"/>
</kw>
<kw name="Add Table Row" library="RPA.Tables">
<arg>${table}</arg>
<arg>${Price}</arg>
<doc>Append rows to a table.</doc>
<status status="PASS" starttime="20220316 16:41:23.832" endtime="20220316 16:41:23.833"/>
</kw>
<kw name="Get Table Dimensions" library="RPA.Tables">
<var>${dimensions}</var>
<arg>${table}</arg>
<doc>Return table dimensions, as (rows, columns).</doc>
<msg timestamp="20220316 16:41:23.833" level="INFO">${dimensions} = (6, 2)</msg>
<status status="PASS" starttime="20220316 16:41:23.833" endtime="20220316 16:41:23.833"/>
</kw>
<kw name="Get Table Column" library="RPA.Tables">
<var>${first_row}</var>
<arg>${table}</arg>
<arg>${1}</arg>
<doc>Get all values for a single column in a table.</doc>
<msg timestamp="20220316 16:41:23.834" level="INFO">${first_row} = ['Galaxy M32 5G', 'Unlocked for All Carriers', 'Samsung', 'Bar', '128 GB', '₹22,999.00']</msg>
<status status="PASS" starttime="20220316 16:41:23.833" endtime="20220316 16:41:23.834"/>
</kw>
<kw name="Open Workbook" library="RPA.Excel.Files">
<arg>Scrap_Data.xlsx</arg>
<doc>Open an existing Excel workbook.</doc>
<msg timestamp="20220316 16:41:23.834" level="INFO">Closing workbook: &lt;RPA.Excel.Files.XlsxWorkbook object at 0x0000025FEFD163C8&gt;</msg>
<msg timestamp="20220316 16:41:23.842" level="INFO">Opened workbook: &lt;RPA.Excel.Files.XlsxWorkbook object at 0x0000025FEFD66A08&gt;</msg>
<status status="PASS" starttime="20220316 16:41:23.834" endtime="20220316 16:41:23.842"/>
</kw>
<kw name="Read Worksheet As Table" library="RPA.Excel.Files">
<var>${table-Read}</var>
<doc>Read the content of a worksheet into a Table container. Allows
sorting/filtering/manipulating using the ``RPA.Tables`` library.</doc>
<msg timestamp="20220316 16:41:23.843" level="INFO">Created table: Table(columns=['A', 'B', 'C', 'D', 'E', 'F'], rows=1)</msg>
<msg timestamp="20220316 16:41:23.843" level="INFO">${table-Read} = Table(columns=['A', 'B', 'C', 'D', 'E', 'F'], rows=1)</msg>
<status status="PASS" starttime="20220316 16:41:23.842" endtime="20220316 16:41:23.843"/>
</kw>
<kw name="Get Length" library="BuiltIn">
<var>${count_table}</var>
<arg>${table-Read}</arg>
<doc>Returns and logs the length of the given item as an integer.</doc>
<msg timestamp="20220316 16:41:23.844" level="INFO">Length is 1</msg>
<msg timestamp="20220316 16:41:23.844" level="INFO">${count_table} = 1</msg>
<status status="PASS" starttime="20220316 16:41:23.843" endtime="20220316 16:41:23.844"/>
</kw>
<kw name="Set Variable" library="BuiltIn">
<var>${row}</var>
<arg>${${count_table}+${1}}</arg>
<doc>Returns the given values which can then be assigned to a variables.</doc>
<msg timestamp="20220316 16:41:23.845" level="INFO">${row} = 2</msg>
<status status="PASS" starttime="20220316 16:41:23.844" endtime="20220316 16:41:23.845"/>
</kw>
<kw name="Set Variable" library="BuiltIn">
<var>${column}</var>
<arg>${1}</arg>
<doc>Returns the given values which can then be assigned to a variables.</doc>
<msg timestamp="20220316 16:41:23.846" level="INFO">${column} = 1</msg>
<status status="PASS" starttime="20220316 16:41:23.846" endtime="20220316 16:41:23.846"/>
</kw>
<for flavor="IN">
<var>${value}</var>
<value>@{first_row}</value>
<iter>
<var name="${value}">Galaxy M32 5G</var>
<kw name="Set Cell Value" library="RPA.Excel.Files">
<arg>${row}</arg>
<arg>${column}</arg>
<arg>${value}</arg>
<doc>Set a cell value in the given worksheet.</doc>
<status status="PASS" starttime="20220316 16:41:23.846" endtime="20220316 16:41:23.847"/>
</kw>
<kw name="Set Variable" library="BuiltIn">
<var>${column}</var>
<arg>${${column}+${1}}</arg>
<doc>Returns the given values which can then be assigned to a variables.</doc>
<msg timestamp="20220316 16:41:23.849" level="INFO">${column} = 2</msg>
<status status="PASS" starttime="20220316 16:41:23.847" endtime="20220316 16:41:23.849"/>
</kw>
<kw name="Log" library="BuiltIn">
<arg>${value}</arg>
<doc>Logs the given message with the given level.</doc>
<msg timestamp="20220316 16:41:23.850" level="INFO">Galaxy M32 5G</msg>
<status status="PASS" starttime="20220316 16:41:23.849" endtime="20220316 16:41:23.850"/>
</kw>
<status status="PASS" starttime="20220316 16:41:23.846" endtime="20220316 16:41:23.850"/>
</iter>
<iter>
<var name="${value}">Unlocked for All Carriers</var>
<kw name="Set Cell Value" library="RPA.Excel.Files">
<arg>${row}</arg>
<arg>${column}</arg>
<arg>${value}</arg>
<doc>Set a cell value in the given worksheet.</doc>
<status status="PASS" starttime="20220316 16:41:23.851" endtime="20220316 16:41:23.852"/>
</kw>
<kw name="Set Variable" library="BuiltIn">
<var>${column}</var>
<arg>${${column}+${1}}</arg>
<doc>Returns the given values which can then be assigned to a variables.</doc>
<msg timestamp="20220316 16:41:23.854" level="INFO">${column} = 3</msg>
<status status="PASS" starttime="20220316 16:41:23.852" endtime="20220316 16:41:23.854"/>
</kw>
<kw name="Log" library="BuiltIn">
<arg>${value}</arg>
<doc>Logs the given message with the given level.</doc>
<msg timestamp="20220316 16:41:23.855" level="INFO">Unlocked for All Carriers</msg>
<status status="PASS" starttime="20220316 16:41:23.855" endtime="20220316 16:41:23.855"/>
</kw>
<status status="PASS" starttime="20220316 16:41:23.850" endtime="20220316 16:41:23.856"/>
</iter>
<iter>
<var name="${value}">Samsung</var>
<kw name="Set Cell Value" library="RPA.Excel.Files">
<arg>${row}</arg>
<arg>${column}</arg>
<arg>${value}</arg>
<doc>Set a cell value in the given worksheet.</doc>
<status status="PASS" starttime="20220316 16:41:23.857" endtime="20220316 16:41:23.857"/>
</kw>
<kw name="Set Variable" library="BuiltIn">
<var>${column}</var>
<arg>${${column}+${1}}</arg>
<doc>Returns the given values which can then be assigned to a variables.</doc>
<msg timestamp="20220316 16:41:23.859" level="INFO">${column} = 4</msg>
<status status="PASS" starttime="20220316 16:41:23.857" endtime="20220316 16:41:23.859"/>
</kw>
<kw name="Log" library="BuiltIn">
<arg>${value}</arg>
<doc>Logs the given message with the given level.</doc>
<msg timestamp="20220316 16:41:23.859" level="INFO">Samsung</msg>
<status status="PASS" starttime="20220316 16:41:23.859" endtime="20220316 16:41:23.859"/>
</kw>
<status status="PASS" starttime="20220316 16:41:23.856" endtime="20220316 16:41:23.859"/>
</iter>
<iter>
<var name="${value}">Bar</var>
<kw name="Set Cell Value" library="RPA.Excel.Files">
<arg>${row}</arg>
<arg>${column}</arg>
<arg>${value}</arg>
<doc>Set a cell value in the given worksheet.</doc>
<status status="PASS" starttime="20220316 16:41:23.860" endtime="20220316 16:41:23.860"/>
</kw>
<kw name="Set Variable" library="BuiltIn">
<var>${column}</var>
<arg>${${column}+${1}}</arg>
<doc>Returns the given values which can then be assigned to a variables.</doc>
<msg timestamp="20220316 16:41:23.862" level="INFO">${column} = 5</msg>
<status status="PASS" starttime="20220316 16:41:23.860" endtime="20220316 16:41:23.862"/>
</kw>
<kw name="Log" library="BuiltIn">
<arg>${value}</arg>
<doc>Logs the given message with the given level.</doc>
<msg timestamp="20220316 16:41:23.862" level="INFO">Bar</msg>
<status status="PASS" starttime="20220316 16:41:23.862" endtime="20220316 16:41:23.862"/>
</kw>
<status status="PASS" starttime="20220316 16:41:23.860" endtime="20220316 16:41:23.862"/>
</iter>
<iter>
<var name="${value}">128 GB</var>
<kw name="Set Cell Value" library="RPA.Excel.Files">
<arg>${row}</arg>
<arg>${column}</arg>
<arg>${value}</arg>
<doc>Set a cell value in the given worksheet.</doc>
<status status="PASS" starttime="20220316 16:41:23.862" endtime="20220316 16:41:23.863"/>
</kw>
<kw name="Set Variable" library="BuiltIn">
<var>${column}</var>
<arg>${${column}+${1}}</arg>
<doc>Returns the given values which can then be assigned to a variables.</doc>
<msg timestamp="20220316 16:41:23.864" level="INFO">${column} = 6</msg>
<status status="PASS" starttime="20220316 16:41:23.863" endtime="20220316 16:41:23.864"/>
</kw>
<kw name="Log" library="BuiltIn">
<arg>${value}</arg>
<doc>Logs the given message with the given level.</doc>
<msg timestamp="20220316 16:41:23.865" level="INFO">128 GB</msg>
<status status="PASS" starttime="20220316 16:41:23.864" endtime="20220316 16:41:23.865"/>
</kw>
<status status="PASS" starttime="20220316 16:41:23.862" endtime="20220316 16:41:23.865"/>
</iter>
<iter>
<var name="${value}">₹22,999.00</var>
<kw name="Set Cell Value" library="RPA.Excel.Files">
<arg>${row}</arg>
<arg>${column}</arg>
<arg>${value}</arg>
<doc>Set a cell value in the given worksheet.</doc>
<status status="PASS" starttime="20220316 16:41:23.865" endtime="20220316 16:41:23.865"/>
</kw>
<kw name="Set Variable" library="BuiltIn">
<var>${column}</var>
<arg>${${column}+${1}}</arg>
<doc>Returns the given values which can then be assigned to a variables.</doc>
<msg timestamp="20220316 16:41:23.867" level="INFO">${column} = 7</msg>
<status status="PASS" starttime="20220316 16:41:23.865" endtime="20220316 16:41:23.867"/>
</kw>
<kw name="Log" library="BuiltIn">
<arg>${value}</arg>
<doc>Logs the given message with the given level.</doc>
<msg timestamp="20220316 16:41:23.867" level="INFO">₹22,999.00</msg>
<status status="PASS" starttime="20220316 16:41:23.867" endtime="20220316 16:41:23.867"/>
</kw>
<status status="PASS" starttime="20220316 16:41:23.865" endtime="20220316 16:41:23.867"/>
</iter>
<status status="PASS" starttime="20220316 16:41:23.846" endtime="20220316 16:41:23.868"/>
</for>
<kw name="Log" library="BuiltIn">
<arg>${price}</arg>
<doc>Logs the given message with the given level.</doc>
<msg timestamp="20220316 16:41:23.868" level="INFO">₹22,999.00</msg>
<status status="PASS" starttime="20220316 16:41:23.868" endtime="20220316 16:41:23.868"/>
</kw>
<kw name="Save Workbook" library="RPA.Excel.Files">
<doc>Save the active workbook.</doc>
<status status="PASS" starttime="20220316 16:41:23.868" endtime="20220316 16:41:23.890"/>
</kw>
<kw name="Close Window" library="RPA.Browser.Selenium">
<doc>Closes currently opened and selected browser window/tab.</doc>
<status status="PASS" starttime="20220316 16:41:23.890" endtime="20220316 16:41:23.963"/>
</kw>
<status status="PASS" starttime="20220316 16:41:17.433" endtime="20220316 16:41:23.963"/>
</iter>
<iter>
<var name="${COUNT}">2</var>
<var name="${MOBILE-LOCATOR}">//*[@id="search"]/div[1]/div[1]/div/span[3]/div[2]/div[5]/div/div/div/div/div/div/div/div[2]/div/div/div[1]/h2/a/span</var>
<kw name="Get Window Handles" library="RPA.Browser.Selenium">
<var>${handles}</var>
<doc>Returns all child window handles of the selected browser as a list.</doc>
<msg timestamp="20220316 16:41:23.969" level="INFO">${handles} = ['CDwindow-9D2E9C4B16894F0B10DCB2616CB22EC7']</msg>
<status status="PASS" starttime="20220316 16:41:23.965" endtime="20220316 16:41:23.969"/>
</kw>
<kw name="Switch Window" library="RPA.Browser.Selenium">
<arg>${handles}[0]</arg>
<doc>Switches to browser window matching ``locator``.</doc>
<status status="PASS" starttime="20220316 16:41:23.969" endtime="20220316 16:41:23.979"/>
</kw>
<kw name="Click Element When Visible" library="RPA.Browser.Selenium">
<arg>${MOBILE-LOCATOR}</arg>
<doc>Click element identified by ``locator``, once it becomes visible.</doc>
<msg timestamp="20220316 16:41:24.009" level="INFO">Clicking element '//*[@id="search"]/div[1]/div[1]/div/span[3]/div[2]/div[5]/div/div/div/div/div/div/div/div[2]/div/div/div[1]/h2/a/span'.</msg>
<status status="PASS" starttime="20220316 16:41:23.979" endtime="20220316 16:41:24.085"/>
</kw>
<kw name="Get Window Handles" library="RPA.Browser.Selenium">
<var>${handles}</var>
<doc>Returns all child window handles of the selected browser as a list.</doc>
<msg timestamp="20220316 16:41:24.088" level="INFO">${handles} = ['CDwindow-9D2E9C4B16894F0B10DCB2616CB22EC7', 'CDwindow-D353B74227BD0256CEE4D088443F8D27']</msg>
<status status="PASS" starttime="20220316 16:41:24.085" endtime="20220316 16:41:24.088"/>
</kw>
<kw name="Switch Window" library="RPA.Browser.Selenium">
<arg>${handles}[1]</arg>
<doc>Switches to browser window matching ``locator``.</doc>
<status status="PASS" starttime="20220316 16:41:24.088" endtime="20220316 16:41:24.130"/>
</kw>
<kw name="Get Text" library="RPA.Browser.Selenium">
<var>${Price}</var>
<arg>xpath://*[@id="corePrice_desktop"]/div/table/tbody/tr[2]/td[2]/span[1]/span[2]</arg>
<doc>Returns the text value of the element identified by ``locator``.</doc>
<msg timestamp="20220316 16:41:29.004" level="INFO">${Price} = ₹11,999.00</msg>
<status status="PASS" starttime="20220316 16:41:24.131" endtime="20220316 16:41:29.004"/>
</kw>
<kw name="Get Element Attribute" library="RPA.Browser.Selenium">
<var>${Html_Table}</var>
<arg>css:#productOverview_feature_div</arg>
<arg>outerHTML</arg>
<doc>Returns the value of ``attribute`` from the element ``locator``.</doc>
<msg timestamp="20220316 16:41:29.033" level="INFO">${Html_Table} = &lt;div id="productOverview_feature_div" class="celwidget" data-feature-name="productOverview" data-csa-c-id="j2u1di-dnkt7n-4erpql-igpptm" data-cel-widget="productOverview_feature_div"&gt;
                 ...</msg>
<status status="PASS" starttime="20220316 16:41:29.005" endtime="20220316 16:41:29.033"/>
</kw>
<kw name="Read Table From Html" library="html_tables">
<var>${table}</var>
<arg>${html_table}</arg>
<doc>Parses and returns the given HTML table as a Table structure.</doc>
<msg timestamp="20220316 16:41:29.040" level="INFO">${table} = Table(columns=[0, 1], rows=5)</msg>
<status status="PASS" starttime="20220316 16:41:29.034" endtime="20220316 16:41:29.040"/>
</kw>
<kw name="Add Table Row" library="RPA.Tables">
<arg>${table}</arg>
<arg>${Price}</arg>
<doc>Append rows to a table.</doc>
<status status="PASS" starttime="20220316 16:41:29.040" endtime="20220316 16:41:29.041"/>
</kw>
<kw name="Get Table Dimensions" library="RPA.Tables">
<var>${dimensions}</var>
<arg>${table}</arg>
<doc>Return table dimensions, as (rows, columns).</doc>
<msg timestamp="20220316 16:41:29.042" level="INFO">${dimensions} = (6, 2)</msg>
<status status="PASS" starttime="20220316 16:41:29.042" endtime="20220316 16:41:29.042"/>
</kw>
<kw name="Get Table Column" library="RPA.Tables">
<var>${first_row}</var>
<arg>${table}</arg>
<arg>${1}</arg>
<doc>Get all values for a single column in a table.</doc>
<msg timestamp="20220316 16:41:29.044" level="INFO">${first_row} = ['Galaxy A03s', 'Unlocked for All Carriers', 'Samsung', 'Bar', '64 GB', '₹11,999.00']</msg>
<status status="PASS" starttime="20220316 16:41:29.043" endtime="20220316 16:41:29.044"/>
</kw>
<kw name="Open Workbook" library="RPA.Excel.Files">
<arg>Scrap_Data.xlsx</arg>
<doc>Open an existing Excel workbook.</doc>
<msg timestamp="20220316 16:41:29.045" level="INFO">Closing workbook: &lt;RPA.Excel.Files.XlsxWorkbook object at 0x0000025FEFD66A08&gt;</msg>
<msg timestamp="20220316 16:41:29.052" level="INFO">Opened workbook: &lt;RPA.Excel.Files.XlsxWorkbook object at 0x0000025FEF6DFF48&gt;</msg>
<status status="PASS" starttime="20220316 16:41:29.044" endtime="20220316 16:41:29.052"/>
</kw>
<kw name="Read Worksheet As Table" library="RPA.Excel.Files">
<var>${table-Read}</var>
<doc>Read the content of a worksheet into a Table container. Allows
sorting/filtering/manipulating using the ``RPA.Tables`` library.</doc>
<msg timestamp="20220316 16:41:29.053" level="INFO">Created table: Table(columns=['A', 'B', 'C', 'D', 'E', 'F'], rows=2)</msg>
<msg timestamp="20220316 16:41:29.053" level="INFO">${table-Read} = Table(columns=['A', 'B', 'C', 'D', 'E', 'F'], rows=2)</msg>
<status status="PASS" starttime="20220316 16:41:29.052" endtime="20220316 16:41:29.053"/>
</kw>
<kw name="Get Length" library="BuiltIn">
<var>${count_table}</var>
<arg>${table-Read}</arg>
<doc>Returns and logs the length of the given item as an integer.</doc>
<msg timestamp="20220316 16:41:29.053" level="INFO">Length is 2</msg>
<msg timestamp="20220316 16:41:29.053" level="INFO">${count_table} = 2</msg>
<status status="PASS" starttime="20220316 16:41:29.053" endtime="20220316 16:41:29.053"/>
</kw>
<kw name="Set Variable" library="BuiltIn">
<var>${row}</var>
<arg>${${count_table}+${1}}</arg>
<doc>Returns the given values which can then be assigned to a variables.</doc>
<msg timestamp="20220316 16:41:29.055" level="INFO">${row} = 3</msg>
<status status="PASS" starttime="20220316 16:41:29.054" endtime="20220316 16:41:29.055"/>
</kw>
<kw name="Set Variable" library="BuiltIn">
<var>${column}</var>
<arg>${1}</arg>
<doc>Returns the given values which can then be assigned to a variables.</doc>
<msg timestamp="20220316 16:41:29.056" level="INFO">${column} = 1</msg>
<status status="PASS" starttime="20220316 16:41:29.055" endtime="20220316 16:41:29.056"/>
</kw>
<for flavor="IN">
<var>${value}</var>
<value>@{first_row}</value>
<iter>
<var name="${value}">Galaxy A03s</var>
<kw name="Set Cell Value" library="RPA.Excel.Files">
<arg>${row}</arg>
<arg>${column}</arg>
<arg>${value}</arg>
<doc>Set a cell value in the given worksheet.</doc>
<status status="PASS" starttime="20220316 16:41:29.058" endtime="20220316 16:41:29.058"/>
</kw>
<kw name="Set Variable" library="BuiltIn">
<var>${column}</var>
<arg>${${column}+${1}}</arg>
<doc>Returns the given values which can then be assigned to a variables.</doc>
<msg timestamp="20220316 16:41:29.059" level="INFO">${column} = 2</msg>
<status status="PASS" starttime="20220316 16:41:29.058" endtime="20220316 16:41:29.059"/>
</kw>
<kw name="Log" library="BuiltIn">
<arg>${value}</arg>
<doc>Logs the given message with the given level.</doc>
<msg timestamp="20220316 16:41:29.059" level="INFO">Galaxy A03s</msg>
<status status="PASS" starttime="20220316 16:41:29.059" endtime="20220316 16:41:29.059"/>
</kw>
<status status="PASS" starttime="20220316 16:41:29.056" endtime="20220316 16:41:29.060"/>
</iter>
<iter>
<var name="${value}">Unlocked for All Carriers</var>
<kw name="Set Cell Value" library="RPA.Excel.Files">
<arg>${row}</arg>
<arg>${column}</arg>
<arg>${value}</arg>
<doc>Set a cell value in the given worksheet.</doc>
<status status="PASS" starttime="20220316 16:41:29.060" endtime="20220316 16:41:29.060"/>
</kw>
<kw name="Set Variable" library="BuiltIn">
<var>${column}</var>
<arg>${${column}+${1}}</arg>
<doc>Returns the given values which can then be assigned to a variables.</doc>
<msg timestamp="20220316 16:41:29.062" level="INFO">${column} = 3</msg>
<status status="PASS" starttime="20220316 16:41:29.060" endtime="20220316 16:41:29.062"/>
</kw>
<kw name="Log" library="BuiltIn">
<arg>${value}</arg>
<doc>Logs the given message with the given level.</doc>
<msg timestamp="20220316 16:41:29.062" level="INFO">Unlocked for All Carriers</msg>
<status status="PASS" starttime="20220316 16:41:29.062" endtime="20220316 16:41:29.062"/>
</kw>
<status status="PASS" starttime="20220316 16:41:29.060" endtime="20220316 16:41:29.062"/>
</iter>
<iter>
<var name="${value}">Samsung</var>
<kw name="Set Cell Value" library="RPA.Excel.Files">
<arg>${row}</arg>
<arg>${column}</arg>
<arg>${value}</arg>
<doc>Set a cell value in the given worksheet.</doc>
<status status="PASS" starttime="20220316 16:41:29.063" endtime="20220316 16:41:29.064"/>
</kw>
<kw name="Set Variable" library="BuiltIn">
<var>${column}</var>
<arg>${${column}+${1}}</arg>
<doc>Returns the given values which can then be assigned to a variables.</doc>
<msg timestamp="20220316 16:41:29.065" level="INFO">${column} = 4</msg>
<status status="PASS" starttime="20220316 16:41:29.064" endtime="20220316 16:41:29.065"/>
</kw>
<kw name="Log" library="BuiltIn">
<arg>${value}</arg>
<doc>Logs the given message with the given level.</doc>
<msg timestamp="20220316 16:41:29.066" level="INFO">Samsung</msg>
<status status="PASS" starttime="20220316 16:41:29.065" endtime="20220316 16:41:29.066"/>
</kw>
<status status="PASS" starttime="20220316 16:41:29.062" endtime="20220316 16:41:29.067"/>
</iter>
<iter>
<var name="${value}">Bar</var>
<kw name="Set Cell Value" library="RPA.Excel.Files">
<arg>${row}</arg>
<arg>${column}</arg>
<arg>${value}</arg>
<doc>Set a cell value in the given worksheet.</doc>
<status status="PASS" starttime="20220316 16:41:29.067" endtime="20220316 16:41:29.067"/>
</kw>
<kw name="Set Variable" library="BuiltIn">
<var>${column}</var>
<arg>${${column}+${1}}</arg>
<doc>Returns the given values which can then be assigned to a variables.</doc>
<msg timestamp="20220316 16:41:29.069" level="INFO">${column} = 5</msg>
<status status="PASS" starttime="20220316 16:41:29.067" endtime="20220316 16:41:29.069"/>
</kw>
<kw name="Log" library="BuiltIn">
<arg>${value}</arg>
<doc>Logs the given message with the given level.</doc>
<msg timestamp="20220316 16:41:29.069" level="INFO">Bar</msg>
<status status="PASS" starttime="20220316 16:41:29.069" endtime="20220316 16:41:29.070"/>
</kw>
<status status="PASS" starttime="20220316 16:41:29.067" endtime="20220316 16:41:29.070"/>
</iter>
<iter>
<var name="${value}">64 GB</var>
<kw name="Set Cell Value" library="RPA.Excel.Files">
<arg>${row}</arg>
<arg>${column}</arg>
<arg>${value}</arg>
<doc>Set a cell value in the given worksheet.</doc>
<status status="PASS" starttime="20220316 16:41:29.070" endtime="20220316 16:41:29.070"/>
</kw>
<kw name="Set Variable" library="BuiltIn">
<var>${column}</var>
<arg>${${column}+${1}}</arg>
<doc>Returns the given values which can then be assigned to a variables.</doc>
<msg timestamp="20220316 16:41:29.072" level="INFO">${column} = 6</msg>
<status status="PASS" starttime="20220316 16:41:29.070" endtime="20220316 16:41:29.072"/>
</kw>
<kw name="Log" library="BuiltIn">
<arg>${value}</arg>
<doc>Logs the given message with the given level.</doc>
<msg timestamp="20220316 16:41:29.073" level="INFO">64 GB</msg>
<status status="PASS" starttime="20220316 16:41:29.072" endtime="20220316 16:41:29.073"/>
</kw>
<status status="PASS" starttime="20220316 16:41:29.070" endtime="20220316 16:41:29.073"/>
</iter>
<iter>
<var name="${value}">₹11,999.00</var>
<kw name="Set Cell Value" library="RPA.Excel.Files">
<arg>${row}</arg>
<arg>${column}</arg>
<arg>${value}</arg>
<doc>Set a cell value in the given worksheet.</doc>
<status status="PASS" starttime="20220316 16:41:29.073" endtime="20220316 16:41:29.074"/>
</kw>
<kw name="Set Variable" library="BuiltIn">
<var>${column}</var>
<arg>${${column}+${1}}</arg>
<doc>Returns the given values which can then be assigned to a variables.</doc>
<msg timestamp="20220316 16:41:29.075" level="INFO">${column} = 7</msg>
<status status="PASS" starttime="20220316 16:41:29.074" endtime="20220316 16:41:29.075"/>
</kw>
<kw name="Log" library="BuiltIn">
<arg>${value}</arg>
<doc>Logs the given message with the given level.</doc>
<msg timestamp="20220316 16:41:29.076" level="INFO">₹11,999.00</msg>
<status status="PASS" starttime="20220316 16:41:29.075" endtime="20220316 16:41:29.076"/>
</kw>
<status status="PASS" starttime="20220316 16:41:29.073" endtime="20220316 16:41:29.076"/>
</iter>
<status status="PASS" starttime="20220316 16:41:29.056" endtime="20220316 16:41:29.076"/>
</for>
<kw name="Log" library="BuiltIn">
<arg>${price}</arg>
<doc>Logs the given message with the given level.</doc>
<msg timestamp="20220316 16:41:29.076" level="INFO">₹11,999.00</msg>
<status status="PASS" starttime="20220316 16:41:29.076" endtime="20220316 16:41:29.077"/>
</kw>
<kw name="Save Workbook" library="RPA.Excel.Files">
<doc>Save the active workbook.</doc>
<status status="PASS" starttime="20220316 16:41:29.077" endtime="20220316 16:41:29.096"/>
</kw>
<kw name="Close Window" library="RPA.Browser.Selenium">
<doc>Closes currently opened and selected browser window/tab.</doc>
<status status="PASS" starttime="20220316 16:41:29.097" endtime="20220316 16:41:29.221"/>
</kw>
<status status="PASS" starttime="20220316 16:41:23.964" endtime="20220316 16:41:29.222"/>
</iter>
<iter>
<var name="${COUNT}">3</var>
<var name="${MOBILE-LOCATOR}">//*[@id="search"]/div[1]/div[1]/div/span[3]/div[2]/div[6]/div/div/div/div/div/div[2]/div/div/div[1]/h2/a/span</var>
<kw name="Get Window Handles" library="RPA.Browser.Selenium">
<var>${handles}</var>
<doc>Returns all child window handles of the selected browser as a list.</doc>
<msg timestamp="20220316 16:41:29.225" level="INFO">${handles} = ['CDwindow-9D2E9C4B16894F0B10DCB2616CB22EC7']</msg>
<status status="PASS" starttime="20220316 16:41:29.222" endtime="20220316 16:41:29.225"/>
</kw>
<kw name="Switch Window" library="RPA.Browser.Selenium">
<arg>${handles}[0]</arg>
<doc>Switches to browser window matching ``locator``.</doc>
<status status="PASS" starttime="20220316 16:41:29.225" endtime="20220316 16:41:29.235"/>
</kw>
<kw name="Click Element When Visible" library="RPA.Browser.Selenium">
<arg>${MOBILE-LOCATOR}</arg>
<doc>Click element identified by ``locator``, once it becomes visible.</doc>
<msg timestamp="20220316 16:41:29.252" level="INFO">Clicking element '//*[@id="search"]/div[1]/div[1]/div/span[3]/div[2]/div[6]/div/div/div/div/div/div[2]/div/div/div[1]/h2/a/span'.</msg>
<status status="PASS" starttime="20220316 16:41:29.235" endtime="20220316 16:41:29.329"/>
</kw>
<kw name="Get Window Handles" library="RPA.Browser.Selenium">
<var>${handles}</var>
<doc>Returns all child window handles of the selected browser as a list.</doc>
<msg timestamp="20220316 16:41:29.333" level="INFO">${handles} = ['CDwindow-9D2E9C4B16894F0B10DCB2616CB22EC7', 'CDwindow-88C39B9272AEAA4E9FF689FFDC92B10B']</msg>
<status status="PASS" starttime="20220316 16:41:29.330" endtime="20220316 16:41:29.333"/>
</kw>
<kw name="Switch Window" library="RPA.Browser.Selenium">
<arg>${handles}[1]</arg>
<doc>Switches to browser window matching ``locator``.</doc>
<status status="PASS" starttime="20220316 16:41:29.333" endtime="20220316 16:41:29.376"/>
</kw>
<kw name="Get Text" library="RPA.Browser.Selenium">
<var>${Price}</var>
<arg>xpath://*[@id="corePrice_desktop"]/div/table/tbody/tr[2]/td[2]/span[1]/span[2]</arg>
<doc>Returns the text value of the element identified by ``locator``.</doc>
<msg timestamp="20220316 16:41:35.467" level="INFO">${Price} = ₹9,499.00</msg>
<status status="PASS" starttime="20220316 16:41:29.377" endtime="20220316 16:41:35.467"/>
</kw>
<kw name="Get Element Attribute" library="RPA.Browser.Selenium">
<var>${Html_Table}</var>
<arg>css:#productOverview_feature_div</arg>
<arg>outerHTML</arg>
<doc>Returns the value of ``attribute`` from the element ``locator``.</doc>
<msg timestamp="20220316 16:41:35.494" level="INFO">${Html_Table} = &lt;div id="productOverview_feature_div" class="celwidget" data-feature-name="productOverview" data-csa-c-id="s9isi-wmg11j-6xes0-pwqe27" data-cel-widget="productOverview_feature_div"&gt;
                   ...</msg>
<status status="PASS" starttime="20220316 16:41:35.467" endtime="20220316 16:41:35.494"/>
</kw>
<kw name="Read Table From Html" library="html_tables">
<var>${table}</var>
<arg>${html_table}</arg>
<doc>Parses and returns the given HTML table as a Table structure.</doc>
<msg timestamp="20220316 16:41:35.497" level="INFO">${table} = Table(columns=[0, 1], rows=5)</msg>
<status status="PASS" starttime="20220316 16:41:35.495" endtime="20220316 16:41:35.497"/>
</kw>
<kw name="Add Table Row" library="RPA.Tables">
<arg>${table}</arg>
<arg>${Price}</arg>
<doc>Append rows to a table.</doc>
<status status="PASS" starttime="20220316 16:41:35.498" endtime="20220316 16:41:35.498"/>
</kw>
<kw name="Get Table Dimensions" library="RPA.Tables">
<var>${dimensions}</var>
<arg>${table}</arg>
<doc>Return table dimensions, as (rows, columns).</doc>
<msg timestamp="20220316 16:41:35.499" level="INFO">${dimensions} = (6, 2)</msg>
<status status="PASS" starttime="20220316 16:41:35.498" endtime="20220316 16:41:35.499"/>
</kw>
<kw name="Get Table Column" library="RPA.Tables">
<var>${first_row}</var>
<arg>${table}</arg>
<arg>${1}</arg>
<doc>Get all values for a single column in a table.</doc>
<msg timestamp="20220316 16:41:35.501" level="INFO">${first_row} = ['Galaxy M12', 'Unlocked for All Carriers', 'Samsung', 'Bar', '64 GB', '₹9,499.00']</msg>
<status status="PASS" starttime="20220316 16:41:35.499" endtime="20220316 16:41:35.501"/>
</kw>
<kw name="Open Workbook" library="RPA.Excel.Files">
<arg>Scrap_Data.xlsx</arg>
<doc>Open an existing Excel workbook.</doc>
<msg timestamp="20220316 16:41:35.502" level="INFO">Closing workbook: &lt;RPA.Excel.Files.XlsxWorkbook object at 0x0000025FEF6DFF48&gt;</msg>
<msg timestamp="20220316 16:41:35.511" level="INFO">Opened workbook: &lt;RPA.Excel.Files.XlsxWorkbook object at 0x0000025FEF7F7AC8&gt;</msg>
<status status="PASS" starttime="20220316 16:41:35.502" endtime="20220316 16:41:35.511"/>
</kw>
<kw name="Read Worksheet As Table" library="RPA.Excel.Files">
<var>${table-Read}</var>
<doc>Read the content of a worksheet into a Table container. Allows
sorting/filtering/manipulating using the ``RPA.Tables`` library.</doc>
<msg timestamp="20220316 16:41:35.513" level="INFO">Created table: Table(columns=['A', 'B', 'C', 'D', 'E', 'F'], rows=3)</msg>
<msg timestamp="20220316 16:41:35.513" level="INFO">${table-Read} = Table(columns=['A', 'B', 'C', 'D', 'E', 'F'], rows=3)</msg>
<status status="PASS" starttime="20220316 16:41:35.512" endtime="20220316 16:41:35.513"/>
</kw>
<kw name="Get Length" library="BuiltIn">
<var>${count_table}</var>
<arg>${table-Read}</arg>
<doc>Returns and logs the length of the given item as an integer.</doc>
<msg timestamp="20220316 16:41:35.514" level="INFO">Length is 3</msg>
<msg timestamp="20220316 16:41:35.515" level="INFO">${count_table} = 3</msg>
<status status="PASS" starttime="20220316 16:41:35.514" endtime="20220316 16:41:35.515"/>
</kw>
<kw name="Set Variable" library="BuiltIn">
<var>${row}</var>
<arg>${${count_table}+${1}}</arg>
<doc>Returns the given values which can then be assigned to a variables.</doc>
<msg timestamp="20220316 16:41:35.516" level="INFO">${row} = 4</msg>
<status status="PASS" starttime="20220316 16:41:35.515" endtime="20220316 16:41:35.516"/>
</kw>
<kw name="Set Variable" library="BuiltIn">
<var>${column}</var>
<arg>${1}</arg>
<doc>Returns the given values which can then be assigned to a variables.</doc>
<msg timestamp="20220316 16:41:35.517" level="INFO">${column} = 1</msg>
<status status="PASS" starttime="20220316 16:41:35.517" endtime="20220316 16:41:35.517"/>
</kw>
<for flavor="IN">
<var>${value}</var>
<value>@{first_row}</value>
<iter>
<var name="${value}">Galaxy M12</var>
<kw name="Set Cell Value" library="RPA.Excel.Files">
<arg>${row}</arg>
<arg>${column}</arg>
<arg>${value}</arg>
<doc>Set a cell value in the given worksheet.</doc>
<status status="PASS" starttime="20220316 16:41:35.518" endtime="20220316 16:41:35.518"/>
</kw>
<kw name="Set Variable" library="BuiltIn">
<var>${column}</var>
<arg>${${column}+${1}}</arg>
<doc>Returns the given values which can then be assigned to a variables.</doc>
<msg timestamp="20220316 16:41:35.520" level="INFO">${column} = 2</msg>
<status status="PASS" starttime="20220316 16:41:35.518" endtime="20220316 16:41:35.520"/>
</kw>
<kw name="Log" library="BuiltIn">
<arg>${value}</arg>
<doc>Logs the given message with the given level.</doc>
<msg timestamp="20220316 16:41:35.521" level="INFO">Galaxy M12</msg>
<status status="PASS" starttime="20220316 16:41:35.521" endtime="20220316 16:41:35.521"/>
</kw>
<status status="PASS" starttime="20220316 16:41:35.518" endtime="20220316 16:41:35.521"/>
</iter>
<iter>
<var name="${value}">Unlocked for All Carriers</var>
<kw name="Set Cell Value" library="RPA.Excel.Files">
<arg>${row}</arg>
<arg>${column}</arg>
<arg>${value}</arg>
<doc>Set a cell value in the given worksheet.</doc>
<status status="PASS" starttime="20220316 16:41:35.522" endtime="20220316 16:41:35.522"/>
</kw>
<kw name="Set Variable" library="BuiltIn">
<var>${column}</var>
<arg>${${column}+${1}}</arg>
<doc>Returns the given values which can then be assigned to a variables.</doc>
<msg timestamp="20220316 16:41:35.523" level="INFO">${column} = 3</msg>
<status status="PASS" starttime="20220316 16:41:35.522" endtime="20220316 16:41:35.524"/>
</kw>
<kw name="Log" library="BuiltIn">
<arg>${value}</arg>
<doc>Logs the given message with the given level.</doc>
<msg timestamp="20220316 16:41:35.524" level="INFO">Unlocked for All Carriers</msg>
<status status="PASS" starttime="20220316 16:41:35.524" endtime="20220316 16:41:35.524"/>
</kw>
<status status="PASS" starttime="20220316 16:41:35.521" endtime="20220316 16:41:35.524"/>
</iter>
<iter>
<var name="${value}">Samsung</var>
<kw name="Set Cell Value" library="RPA.Excel.Files">
<arg>${row}</arg>
<arg>${column}</arg>
<arg>${value}</arg>
<doc>Set a cell value in the given worksheet.</doc>
<status status="PASS" starttime="20220316 16:41:35.524" endtime="20220316 16:41:35.525"/>
</kw>
<kw name="Set Variable" library="BuiltIn">
<var>${column}</var>
<arg>${${column}+${1}}</arg>
<doc>Returns the given values which can then be assigned to a variables.</doc>
<msg timestamp="20220316 16:41:35.526" level="INFO">${column} = 4</msg>
<status status="PASS" starttime="20220316 16:41:35.525" endtime="20220316 16:41:35.527"/>
</kw>
<kw name="Log" library="BuiltIn">
<arg>${value}</arg>
<doc>Logs the given message with the given level.</doc>
<msg timestamp="20220316 16:41:35.527" level="INFO">Samsung</msg>
<status status="PASS" starttime="20220316 16:41:35.527" endtime="20220316 16:41:35.527"/>
</kw>
<status status="PASS" starttime="20220316 16:41:35.524" endtime="20220316 16:41:35.527"/>
</iter>
<iter>
<var name="${value}">Bar</var>
<kw name="Set Cell Value" library="RPA.Excel.Files">
<arg>${row}</arg>
<arg>${column}</arg>
<arg>${value}</arg>
<doc>Set a cell value in the given worksheet.</doc>
<status status="PASS" starttime="20220316 16:41:35.527" endtime="20220316 16:41:35.528"/>
</kw>
<kw name="Set Variable" library="BuiltIn">
<var>${column}</var>
<arg>${${column}+${1}}</arg>
<doc>Returns the given values which can then be assigned to a variables.</doc>
<msg timestamp="20220316 16:41:35.529" level="INFO">${column} = 5</msg>
<status status="PASS" starttime="20220316 16:41:35.528" endtime="20220316 16:41:35.529"/>
</kw>
<kw name="Log" library="BuiltIn">
<arg>${value}</arg>
<doc>Logs the given message with the given level.</doc>
<msg timestamp="20220316 16:41:35.530" level="INFO">Bar</msg>
<status status="PASS" starttime="20220316 16:41:35.530" endtime="20220316 16:41:35.530"/>
</kw>
<status status="PASS" starttime="20220316 16:41:35.527" endtime="20220316 16:41:35.530"/>
</iter>
<iter>
<var name="${value}">64 GB</var>
<kw name="Set Cell Value" library="RPA.Excel.Files">
<arg>${row}</arg>
<arg>${column}</arg>
<arg>${value}</arg>
<doc>Set a cell value in the given worksheet.</doc>
<status status="PASS" starttime="20220316 16:41:35.530" endtime="20220316 16:41:35.531"/>
</kw>
<kw name="Set Variable" library="BuiltIn">
<var>${column}</var>
<arg>${${column}+${1}}</arg>
<doc>Returns the given values which can then be assigned to a variables.</doc>
<msg timestamp="20220316 16:41:35.532" level="INFO">${column} = 6</msg>
<status status="PASS" starttime="20220316 16:41:35.531" endtime="20220316 16:41:35.532"/>
</kw>
<kw name="Log" library="BuiltIn">
<arg>${value}</arg>
<doc>Logs the given message with the given level.</doc>
<msg timestamp="20220316 16:41:35.532" level="INFO">64 GB</msg>
<status status="PASS" starttime="20220316 16:41:35.532" endtime="20220316 16:41:35.533"/>
</kw>
<status status="PASS" starttime="20220316 16:41:35.530" endtime="20220316 16:41:35.533"/>
</iter>
<iter>
<var name="${value}">₹9,499.00</var>
<kw name="Set Cell Value" library="RPA.Excel.Files">
<arg>${row}</arg>
<arg>${column}</arg>
<arg>${value}</arg>
<doc>Set a cell value in the given worksheet.</doc>
<status status="PASS" starttime="20220316 16:41:35.533" endtime="20220316 16:41:35.533"/>
</kw>
<kw name="Set Variable" library="BuiltIn">
<var>${column}</var>
<arg>${${column}+${1}}</arg>
<doc>Returns the given values which can then be assigned to a variables.</doc>
<msg timestamp="20220316 16:41:35.535" level="INFO">${column} = 7</msg>
<status status="PASS" starttime="20220316 16:41:35.533" endtime="20220316 16:41:35.535"/>
</kw>
<kw name="Log" library="BuiltIn">
<arg>${value}</arg>
<doc>Logs the given message with the given level.</doc>
<msg timestamp="20220316 16:41:35.535" level="INFO">₹9,499.00</msg>
<status status="PASS" starttime="20220316 16:41:35.535" endtime="20220316 16:41:35.535"/>
</kw>
<status status="PASS" starttime="20220316 16:41:35.533" endtime="20220316 16:41:35.535"/>
</iter>
<status status="PASS" starttime="20220316 16:41:35.517" endtime="20220316 16:41:35.535"/>
</for>
<kw name="Log" library="BuiltIn">
<arg>${price}</arg>
<doc>Logs the given message with the given level.</doc>
<msg timestamp="20220316 16:41:35.536" level="INFO">₹9,499.00</msg>
<status status="PASS" starttime="20220316 16:41:35.536" endtime="20220316 16:41:35.536"/>
</kw>
<kw name="Save Workbook" library="RPA.Excel.Files">
<doc>Save the active workbook.</doc>
<status status="PASS" starttime="20220316 16:41:35.536" endtime="20220316 16:41:35.570"/>
</kw>
<kw name="Close Window" library="RPA.Browser.Selenium">
<doc>Closes currently opened and selected browser window/tab.</doc>
<status status="PASS" starttime="20220316 16:41:35.570" endtime="20220316 16:41:35.637"/>
</kw>
<status status="PASS" starttime="20220316 16:41:29.222" endtime="20220316 16:41:35.637"/>
</iter>
<iter>
<var name="${COUNT}">4</var>
<var name="${MOBILE-LOCATOR}">//*[@id="search"]/div[1]/div[1]/div/span[3]/div[2]/div[7]/div/div/div/div/div/div[2]/div/div/div[1]/h2/a/span</var>
<kw name="Get Window Handles" library="RPA.Browser.Selenium">
<var>${handles}</var>
<doc>Returns all child window handles of the selected browser as a list.</doc>
<msg timestamp="20220316 16:41:35.641" level="INFO">${handles} = ['CDwindow-9D2E9C4B16894F0B10DCB2616CB22EC7']</msg>
<status status="PASS" starttime="20220316 16:41:35.638" endtime="20220316 16:41:35.641"/>
</kw>
<kw name="Switch Window" library="RPA.Browser.Selenium">
<arg>${handles}[0]</arg>
<doc>Switches to browser window matching ``locator``.</doc>
<status status="PASS" starttime="20220316 16:41:35.642" endtime="20220316 16:41:35.652"/>
</kw>
<kw name="Click Element When Visible" library="RPA.Browser.Selenium">
<arg>${MOBILE-LOCATOR}</arg>
<doc>Click element identified by ``locator``, once it becomes visible.</doc>
<msg timestamp="20220316 16:41:35.676" level="INFO">Clicking element '//*[@id="search"]/div[1]/div[1]/div/span[3]/div[2]/div[7]/div/div/div/div/div/div[2]/div/div/div[1]/h2/a/span'.</msg>
<status status="PASS" starttime="20220316 16:41:35.653" endtime="20220316 16:41:35.757"/>
</kw>
<kw name="Get Window Handles" library="RPA.Browser.Selenium">
<var>${handles}</var>
<doc>Returns all child window handles of the selected browser as a list.</doc>
<msg timestamp="20220316 16:41:35.761" level="INFO">${handles} = ['CDwindow-9D2E9C4B16894F0B10DCB2616CB22EC7', 'CDwindow-2D4324901CCF6A739456FAC465F8029C']</msg>
<status status="PASS" starttime="20220316 16:41:35.757" endtime="20220316 16:41:35.761"/>
</kw>
<kw name="Switch Window" library="RPA.Browser.Selenium">
<arg>${handles}[1]</arg>
<doc>Switches to browser window matching ``locator``.</doc>
<status status="PASS" starttime="20220316 16:41:35.761" endtime="20220316 16:41:35.801"/>
</kw>
<kw name="Get Text" library="RPA.Browser.Selenium">
<var>${Price}</var>
<arg>xpath://*[@id="corePrice_desktop"]/div/table/tbody/tr[2]/td[2]/span[1]/span[2]</arg>
<doc>Returns the text value of the element identified by ``locator``.</doc>
<msg timestamp="20220316 16:41:39.752" level="INFO">${Price} = ₹11,499.00</msg>
<status status="PASS" starttime="20220316 16:41:35.801" endtime="20220316 16:41:39.752"/>
</kw>
<kw name="Get Element Attribute" library="RPA.Browser.Selenium">
<var>${Html_Table}</var>
<arg>css:#productOverview_feature_div</arg>
<arg>outerHTML</arg>
<doc>Returns the value of ``attribute`` from the element ``locator``.</doc>
<msg timestamp="20220316 16:41:39.778" level="INFO">${Html_Table} = &lt;div id="productOverview_feature_div" class="celwidget" data-feature-name="productOverview" data-csa-c-id="1b0epv-lvzb4a-xe8fhf-7xgw9i" data-cel-widget="productOverview_feature_div"&gt;
                 ...</msg>
<status status="PASS" starttime="20220316 16:41:39.752" endtime="20220316 16:41:39.778"/>
</kw>
<kw name="Read Table From Html" library="html_tables">
<var>${table}</var>
<arg>${html_table}</arg>
<doc>Parses and returns the given HTML table as a Table structure.</doc>
<msg timestamp="20220316 16:41:39.783" level="INFO">${table} = Table(columns=[0, 1], rows=5)</msg>
<status status="PASS" starttime="20220316 16:41:39.779" endtime="20220316 16:41:39.783"/>
</kw>
<kw name="Add Table Row" library="RPA.Tables">
<arg>${table}</arg>
<arg>${Price}</arg>
<doc>Append rows to a table.</doc>
<status status="PASS" starttime="20220316 16:41:39.783" endtime="20220316 16:41:39.784"/>
</kw>
<kw name="Get Table Dimensions" library="RPA.Tables">
<var>${dimensions}</var>
<arg>${table}</arg>
<doc>Return table dimensions, as (rows, columns).</doc>
<msg timestamp="20220316 16:41:39.785" level="INFO">${dimensions} = (6, 2)</msg>
<status status="PASS" starttime="20220316 16:41:39.785" endtime="20220316 16:41:39.785"/>
</kw>
<kw name="Get Table Column" library="RPA.Tables">
<var>${first_row}</var>
<arg>${table}</arg>
<arg>${1}</arg>
<doc>Get all values for a single column in a table.</doc>
<msg timestamp="20220316 16:41:39.786" level="INFO">${first_row} = ['Galaxy M12', 'Unlocked for All Carriers', 'Samsung', 'Bar', '128 GB', '₹11,499.00']</msg>
<status status="PASS" starttime="20220316 16:41:39.785" endtime="20220316 16:41:39.786"/>
</kw>
<kw name="Open Workbook" library="RPA.Excel.Files">
<arg>Scrap_Data.xlsx</arg>
<doc>Open an existing Excel workbook.</doc>
<msg timestamp="20220316 16:41:39.787" level="INFO">Closing workbook: &lt;RPA.Excel.Files.XlsxWorkbook object at 0x0000025FEF7F7AC8&gt;</msg>
<msg timestamp="20220316 16:41:39.799" level="INFO">Opened workbook: &lt;RPA.Excel.Files.XlsxWorkbook object at 0x0000025FEF7F7AC8&gt;</msg>
<status status="PASS" starttime="20220316 16:41:39.787" endtime="20220316 16:41:39.799"/>
</kw>
<kw name="Read Worksheet As Table" library="RPA.Excel.Files">
<var>${table-Read}</var>
<doc>Read the content of a worksheet into a Table container. Allows
sorting/filtering/manipulating using the ``RPA.Tables`` library.</doc>
<msg timestamp="20220316 16:41:39.800" level="INFO">Created table: Table(columns=['A', 'B', 'C', 'D', 'E', 'F'], rows=4)</msg>
<msg timestamp="20220316 16:41:39.800" level="INFO">${table-Read} = Table(columns=['A', 'B', 'C', 'D', 'E', 'F'], rows=4)</msg>
<status status="PASS" starttime="20220316 16:41:39.799" endtime="20220316 16:41:39.800"/>
</kw>
<kw name="Get Length" library="BuiltIn">
<var>${count_table}</var>
<arg>${table-Read}</arg>
<doc>Returns and logs the length of the given item as an integer.</doc>
<msg timestamp="20220316 16:41:39.801" level="INFO">Length is 4</msg>
<msg timestamp="20220316 16:41:39.801" level="INFO">${count_table} = 4</msg>
<status status="PASS" starttime="20220316 16:41:39.800" endtime="20220316 16:41:39.801"/>
</kw>
<kw name="Set Variable" library="BuiltIn">
<var>${row}</var>
<arg>${${count_table}+${1}}</arg>
<doc>Returns the given values which can then be assigned to a variables.</doc>
<msg timestamp="20220316 16:41:39.803" level="INFO">${row} = 5</msg>
<status status="PASS" starttime="20220316 16:41:39.801" endtime="20220316 16:41:39.804"/>
</kw>
<kw name="Set Variable" library="BuiltIn">
<var>${column}</var>
<arg>${1}</arg>
<doc>Returns the given values which can then be assigned to a variables.</doc>
<msg timestamp="20220316 16:41:39.805" level="INFO">${column} = 1</msg>
<status status="PASS" starttime="20220316 16:41:39.804" endtime="20220316 16:41:39.805"/>
</kw>
<for flavor="IN">
<var>${value}</var>
<value>@{first_row}</value>
<iter>
<var name="${value}">Galaxy M12</var>
<kw name="Set Cell Value" library="RPA.Excel.Files">
<arg>${row}</arg>
<arg>${column}</arg>
<arg>${value}</arg>
<doc>Set a cell value in the given worksheet.</doc>
<status status="PASS" starttime="20220316 16:41:39.806" endtime="20220316 16:41:39.807"/>
</kw>
<kw name="Set Variable" library="BuiltIn">
<var>${column}</var>
<arg>${${column}+${1}}</arg>
<doc>Returns the given values which can then be assigned to a variables.</doc>
<msg timestamp="20220316 16:41:39.809" level="INFO">${column} = 2</msg>
<status status="PASS" starttime="20220316 16:41:39.807" endtime="20220316 16:41:39.809"/>
</kw>
<kw name="Log" library="BuiltIn">
<arg>${value}</arg>
<doc>Logs the given message with the given level.</doc>
<msg timestamp="20220316 16:41:39.809" level="INFO">Galaxy M12</msg>
<status status="PASS" starttime="20220316 16:41:39.809" endtime="20220316 16:41:39.809"/>
</kw>
<status status="PASS" starttime="20220316 16:41:39.806" endtime="20220316 16:41:39.809"/>
</iter>
<iter>
<var name="${value}">Unlocked for All Carriers</var>
<kw name="Set Cell Value" library="RPA.Excel.Files">
<arg>${row}</arg>
<arg>${column}</arg>
<arg>${value}</arg>
<doc>Set a cell value in the given worksheet.</doc>
<status status="PASS" starttime="20220316 16:41:39.810" endtime="20220316 16:41:39.810"/>
</kw>
<kw name="Set Variable" library="BuiltIn">
<var>${column}</var>
<arg>${${column}+${1}}</arg>
<doc>Returns the given values which can then be assigned to a variables.</doc>
<msg timestamp="20220316 16:41:39.812" level="INFO">${column} = 3</msg>
<status status="PASS" starttime="20220316 16:41:39.810" endtime="20220316 16:41:39.812"/>
</kw>
<kw name="Log" library="BuiltIn">
<arg>${value}</arg>
<doc>Logs the given message with the given level.</doc>
<msg timestamp="20220316 16:41:39.813" level="INFO">Unlocked for All Carriers</msg>
<status status="PASS" starttime="20220316 16:41:39.812" endtime="20220316 16:41:39.813"/>
</kw>
<status status="PASS" starttime="20220316 16:41:39.809" endtime="20220316 16:41:39.813"/>
</iter>
<iter>
<var name="${value}">Samsung</var>
<kw name="Set Cell Value" library="RPA.Excel.Files">
<arg>${row}</arg>
<arg>${column}</arg>
<arg>${value}</arg>
<doc>Set a cell value in the given worksheet.</doc>
<status status="PASS" starttime="20220316 16:41:39.813" endtime="20220316 16:41:39.814"/>
</kw>
<kw name="Set Variable" library="BuiltIn">
<var>${column}</var>
<arg>${${column}+${1}}</arg>
<doc>Returns the given values which can then be assigned to a variables.</doc>
<msg timestamp="20220316 16:41:39.818" level="INFO">${column} = 4</msg>
<status status="PASS" starttime="20220316 16:41:39.815" endtime="20220316 16:41:39.818"/>
</kw>
<kw name="Log" library="BuiltIn">
<arg>${value}</arg>
<doc>Logs the given message with the given level.</doc>
<msg timestamp="20220316 16:41:39.819" level="INFO">Samsung</msg>
<status status="PASS" starttime="20220316 16:41:39.818" endtime="20220316 16:41:39.819"/>
</kw>
<status status="PASS" starttime="20220316 16:41:39.813" endtime="20220316 16:41:39.819"/>
</iter>
<iter>
<var name="${value}">Bar</var>
<kw name="Set Cell Value" library="RPA.Excel.Files">
<arg>${row}</arg>
<arg>${column}</arg>
<arg>${value}</arg>
<doc>Set a cell value in the given worksheet.</doc>
<status status="PASS" starttime="20220316 16:41:39.819" endtime="20220316 16:41:39.820"/>
</kw>
<kw name="Set Variable" library="BuiltIn">
<var>${column}</var>
<arg>${${column}+${1}}</arg>
<doc>Returns the given values which can then be assigned to a variables.</doc>
<msg timestamp="20220316 16:41:39.821" level="INFO">${column} = 5</msg>
<status status="PASS" starttime="20220316 16:41:39.820" endtime="20220316 16:41:39.821"/>
</kw>
<kw name="Log" library="BuiltIn">
<arg>${value}</arg>
<doc>Logs the given message with the given level.</doc>
<msg timestamp="20220316 16:41:39.823" level="INFO">Bar</msg>
<status status="PASS" starttime="20220316 16:41:39.821" endtime="20220316 16:41:39.823"/>
</kw>
<status status="PASS" starttime="20220316 16:41:39.819" endtime="20220316 16:41:39.823"/>
</iter>
<iter>
<var name="${value}">128 GB</var>
<kw name="Set Cell Value" library="RPA.Excel.Files">
<arg>${row}</arg>
<arg>${column}</arg>
<arg>${value}</arg>
<doc>Set a cell value in the given worksheet.</doc>
<status status="PASS" starttime="20220316 16:41:39.823" endtime="20220316 16:41:39.823"/>
</kw>
<kw name="Set Variable" library="BuiltIn">
<var>${column}</var>
<arg>${${column}+${1}}</arg>
<doc>Returns the given values which can then be assigned to a variables.</doc>
<msg timestamp="20220316 16:41:39.825" level="INFO">${column} = 6</msg>
<status status="PASS" starttime="20220316 16:41:39.824" endtime="20220316 16:41:39.825"/>
</kw>
<kw name="Log" library="BuiltIn">
<arg>${value}</arg>
<doc>Logs the given message with the given level.</doc>
<msg timestamp="20220316 16:41:39.827" level="INFO">128 GB</msg>
<status status="PASS" starttime="20220316 16:41:39.826" endtime="20220316 16:41:39.827"/>
</kw>
<status status="PASS" starttime="20220316 16:41:39.823" endtime="20220316 16:41:39.827"/>
</iter>
<iter>
<var name="${value}">₹11,499.00</var>
<kw name="Set Cell Value" library="RPA.Excel.Files">
<arg>${row}</arg>
<arg>${column}</arg>
<arg>${value}</arg>
<doc>Set a cell value in the given worksheet.</doc>
<status status="PASS" starttime="20220316 16:41:39.827" endtime="20220316 16:41:39.828"/>
</kw>
<kw name="Set Variable" library="BuiltIn">
<var>${column}</var>
<arg>${${column}+${1}}</arg>
<doc>Returns the given values which can then be assigned to a variables.</doc>
<msg timestamp="20220316 16:41:39.831" level="INFO">${column} = 7</msg>
<status status="PASS" starttime="20220316 16:41:39.828" endtime="20220316 16:41:39.831"/>
</kw>
<kw name="Log" library="BuiltIn">
<arg>${value}</arg>
<doc>Logs the given message with the given level.</doc>
<msg timestamp="20220316 16:41:39.831" level="INFO">₹11,499.00</msg>
<status status="PASS" starttime="20220316 16:41:39.831" endtime="20220316 16:41:39.831"/>
</kw>
<status status="PASS" starttime="20220316 16:41:39.827" endtime="20220316 16:41:39.832"/>
</iter>
<status status="PASS" starttime="20220316 16:41:39.805" endtime="20220316 16:41:39.832"/>
</for>
<kw name="Log" library="BuiltIn">
<arg>${price}</arg>
<doc>Logs the given message with the given level.</doc>
<msg timestamp="20220316 16:41:39.833" level="INFO">₹11,499.00</msg>
<status status="PASS" starttime="20220316 16:41:39.832" endtime="20220316 16:41:39.833"/>
</kw>
<kw name="Save Workbook" library="RPA.Excel.Files">
<doc>Save the active workbook.</doc>
<status status="PASS" starttime="20220316 16:41:39.834" endtime="20220316 16:41:39.857"/>
</kw>
<kw name="Close Window" library="RPA.Browser.Selenium">
<doc>Closes currently opened and selected browser window/tab.</doc>
<status status="PASS" starttime="20220316 16:41:39.858" endtime="20220316 16:41:39.938"/>
</kw>
<status status="PASS" starttime="20220316 16:41:35.638" endtime="20220316 16:41:39.939"/>
</iter>
<iter>
<var name="${COUNT}">5</var>
<var name="${MOBILE-LOCATOR}">//*[@id="search"]/div[1]/div[1]/div/span[3]/div[2]/div[8]/div/div/div/div/div/div[2]/div/div/div[1]/h2/a/span</var>
<kw name="Get Window Handles" library="RPA.Browser.Selenium">
<var>${handles}</var>
<doc>Returns all child window handles of the selected browser as a list.</doc>
<msg timestamp="20220316 16:41:39.944" level="INFO">${handles} = ['CDwindow-9D2E9C4B16894F0B10DCB2616CB22EC7']</msg>
<status status="PASS" starttime="20220316 16:41:39.940" endtime="20220316 16:41:39.944"/>
</kw>
<kw name="Switch Window" library="RPA.Browser.Selenium">
<arg>${handles}[0]</arg>
<doc>Switches to browser window matching ``locator``.</doc>
<status status="PASS" starttime="20220316 16:41:39.944" endtime="20220316 16:41:39.954"/>
</kw>
<kw name="Click Element When Visible" library="RPA.Browser.Selenium">
<arg>${MOBILE-LOCATOR}</arg>
<doc>Click element identified by ``locator``, once it becomes visible.</doc>
<msg timestamp="20220316 16:41:39.977" level="INFO">Clicking element '//*[@id="search"]/div[1]/div[1]/div/span[3]/div[2]/div[8]/div/div/div/div/div/div[2]/div/div/div[1]/h2/a/span'.</msg>
<status status="PASS" starttime="20220316 16:41:39.954" endtime="20220316 16:41:40.057"/>
</kw>
<kw name="Get Window Handles" library="RPA.Browser.Selenium">
<var>${handles}</var>
<doc>Returns all child window handles of the selected browser as a list.</doc>
<msg timestamp="20220316 16:41:40.059" level="INFO">${handles} = ['CDwindow-9D2E9C4B16894F0B10DCB2616CB22EC7', 'CDwindow-5085AACFBF993084B1315EF41AC601D8']</msg>
<status status="PASS" starttime="20220316 16:41:40.057" endtime="20220316 16:41:40.059"/>
</kw>
<kw name="Switch Window" library="RPA.Browser.Selenium">
<arg>${handles}[1]</arg>
<doc>Switches to browser window matching ``locator``.</doc>
<status status="PASS" starttime="20220316 16:41:40.059" endtime="20220316 16:41:40.087"/>
</kw>
<kw name="Get Text" library="RPA.Browser.Selenium">
<var>${Price}</var>
<arg>xpath://*[@id="corePrice_desktop"]/div/table/tbody/tr[2]/td[2]/span[1]/span[2]</arg>
<doc>Returns the text value of the element identified by ``locator``.</doc>
<msg timestamp="20220316 16:41:44.993" level="INFO">${Price} = ₹9,499.00</msg>
<status status="PASS" starttime="20220316 16:41:40.087" endtime="20220316 16:41:44.993"/>
</kw>
<kw name="Get Element Attribute" library="RPA.Browser.Selenium">
<var>${Html_Table}</var>
<arg>css:#productOverview_feature_div</arg>
<arg>outerHTML</arg>
<doc>Returns the value of ``attribute`` from the element ``locator``.</doc>
<msg timestamp="20220316 16:41:45.023" level="INFO">${Html_Table} = &lt;div id="productOverview_feature_div" class="celwidget" data-feature-name="productOverview" data-csa-c-id="rsnls-kvbmgg-xam4qt-ylyw00" data-cel-widget="productOverview_feature_div"&gt;
                  ...</msg>
<status status="PASS" starttime="20220316 16:41:44.993" endtime="20220316 16:41:45.023"/>
</kw>
<kw name="Read Table From Html" library="html_tables">
<var>${table}</var>
<arg>${html_table}</arg>
<doc>Parses and returns the given HTML table as a Table structure.</doc>
<msg timestamp="20220316 16:41:45.026" level="INFO">${table} = Table(columns=[0, 1], rows=5)</msg>
<status status="PASS" starttime="20220316 16:41:45.023" endtime="20220316 16:41:45.026"/>
</kw>
<kw name="Add Table Row" library="RPA.Tables">
<arg>${table}</arg>
<arg>${Price}</arg>
<doc>Append rows to a table.</doc>
<status status="PASS" starttime="20220316 16:41:45.026" endtime="20220316 16:41:45.027"/>
</kw>
<kw name="Get Table Dimensions" library="RPA.Tables">
<var>${dimensions}</var>
<arg>${table}</arg>
<doc>Return table dimensions, as (rows, columns).</doc>
<msg timestamp="20220316 16:41:45.027" level="INFO">${dimensions} = (6, 2)</msg>
<status status="PASS" starttime="20220316 16:41:45.027" endtime="20220316 16:41:45.027"/>
</kw>
<kw name="Get Table Column" library="RPA.Tables">
<var>${first_row}</var>
<arg>${table}</arg>
<arg>${1}</arg>
<doc>Get all values for a single column in a table.</doc>
<msg timestamp="20220316 16:41:45.028" level="INFO">${first_row} = ['Galaxy M12', 'Unlocked for All Carriers', 'Samsung', 'Bar', '64 GB', '₹9,499.00']</msg>
<status status="PASS" starttime="20220316 16:41:45.027" endtime="20220316 16:41:45.028"/>
</kw>
<kw name="Open Workbook" library="RPA.Excel.Files">
<arg>Scrap_Data.xlsx</arg>
<doc>Open an existing Excel workbook.</doc>
<msg timestamp="20220316 16:41:45.029" level="INFO">Closing workbook: &lt;RPA.Excel.Files.XlsxWorkbook object at 0x0000025FEF7F7AC8&gt;</msg>
<msg timestamp="20220316 16:41:45.037" level="INFO">Opened workbook: &lt;RPA.Excel.Files.XlsxWorkbook object at 0x0000025FEF7F7AC8&gt;</msg>
<status status="PASS" starttime="20220316 16:41:45.028" endtime="20220316 16:41:45.037"/>
</kw>
<kw name="Read Worksheet As Table" library="RPA.Excel.Files">
<var>${table-Read}</var>
<doc>Read the content of a worksheet into a Table container. Allows
sorting/filtering/manipulating using the ``RPA.Tables`` library.</doc>
<msg timestamp="20220316 16:41:45.038" level="INFO">Created table: Table(columns=['A', 'B', 'C', 'D', 'E', 'F'], rows=5)</msg>
<msg timestamp="20220316 16:41:45.038" level="INFO">${table-Read} = Table(columns=['A', 'B', 'C', 'D', 'E', 'F'], rows=5)</msg>
<status status="PASS" starttime="20220316 16:41:45.037" endtime="20220316 16:41:45.038"/>
</kw>
<kw name="Get Length" library="BuiltIn">
<var>${count_table}</var>
<arg>${table-Read}</arg>
<doc>Returns and logs the length of the given item as an integer.</doc>
<msg timestamp="20220316 16:41:45.039" level="INFO">Length is 5</msg>
<msg timestamp="20220316 16:41:45.039" level="INFO">${count_table} = 5</msg>
<status status="PASS" starttime="20220316 16:41:45.038" endtime="20220316 16:41:45.039"/>
</kw>
<kw name="Set Variable" library="BuiltIn">
<var>${row}</var>
<arg>${${count_table}+${1}}</arg>
<doc>Returns the given values which can then be assigned to a variables.</doc>
<msg timestamp="20220316 16:41:45.042" level="INFO">${row} = 6</msg>
<status status="PASS" starttime="20220316 16:41:45.039" endtime="20220316 16:41:45.042"/>
</kw>
<kw name="Set Variable" library="BuiltIn">
<var>${column}</var>
<arg>${1}</arg>
<doc>Returns the given values which can then be assigned to a variables.</doc>
<msg timestamp="20220316 16:41:45.044" level="INFO">${column} = 1</msg>
<status status="PASS" starttime="20220316 16:41:45.042" endtime="20220316 16:41:45.044"/>
</kw>
<for flavor="IN">
<var>${value}</var>
<value>@{first_row}</value>
<iter>
<var name="${value}">Galaxy M12</var>
<kw name="Set Cell Value" library="RPA.Excel.Files">
<arg>${row}</arg>
<arg>${column}</arg>
<arg>${value}</arg>
<doc>Set a cell value in the given worksheet.</doc>
<status status="PASS" starttime="20220316 16:41:45.046" endtime="20220316 16:41:45.047"/>
</kw>
<kw name="Set Variable" library="BuiltIn">
<var>${column}</var>
<arg>${${column}+${1}}</arg>
<doc>Returns the given values which can then be assigned to a variables.</doc>
<msg timestamp="20220316 16:41:45.048" level="INFO">${column} = 2</msg>
<status status="PASS" starttime="20220316 16:41:45.047" endtime="20220316 16:41:45.048"/>
</kw>
<kw name="Log" library="BuiltIn">
<arg>${value}</arg>
<doc>Logs the given message with the given level.</doc>
<msg timestamp="20220316 16:41:45.049" level="INFO">Galaxy M12</msg>
<status status="PASS" starttime="20220316 16:41:45.049" endtime="20220316 16:41:45.049"/>
</kw>
<status status="PASS" starttime="20220316 16:41:45.045" endtime="20220316 16:41:45.049"/>
</iter>
<iter>
<var name="${value}">Unlocked for All Carriers</var>
<kw name="Set Cell Value" library="RPA.Excel.Files">
<arg>${row}</arg>
<arg>${column}</arg>
<arg>${value}</arg>
<doc>Set a cell value in the given worksheet.</doc>
<status status="PASS" starttime="20220316 16:41:45.050" endtime="20220316 16:41:45.050"/>
</kw>
<kw name="Set Variable" library="BuiltIn">
<var>${column}</var>
<arg>${${column}+${1}}</arg>
<doc>Returns the given values which can then be assigned to a variables.</doc>
<msg timestamp="20220316 16:41:45.054" level="INFO">${column} = 3</msg>
<status status="PASS" starttime="20220316 16:41:45.050" endtime="20220316 16:41:45.054"/>
</kw>
<kw name="Log" library="BuiltIn">
<arg>${value}</arg>
<doc>Logs the given message with the given level.</doc>
<msg timestamp="20220316 16:41:45.055" level="INFO">Unlocked for All Carriers</msg>
<status status="PASS" starttime="20220316 16:41:45.054" endtime="20220316 16:41:45.055"/>
</kw>
<status status="PASS" starttime="20220316 16:41:45.049" endtime="20220316 16:41:45.056"/>
</iter>
<iter>
<var name="${value}">Samsung</var>
<kw name="Set Cell Value" library="RPA.Excel.Files">
<arg>${row}</arg>
<arg>${column}</arg>
<arg>${value}</arg>
<doc>Set a cell value in the given worksheet.</doc>
<status status="PASS" starttime="20220316 16:41:45.056" endtime="20220316 16:41:45.057"/>
</kw>
<kw name="Set Variable" library="BuiltIn">
<var>${column}</var>
<arg>${${column}+${1}}</arg>
<doc>Returns the given values which can then be assigned to a variables.</doc>
<msg timestamp="20220316 16:41:45.060" level="INFO">${column} = 4</msg>
<status status="PASS" starttime="20220316 16:41:45.057" endtime="20220316 16:41:45.060"/>
</kw>
<kw name="Log" library="BuiltIn">
<arg>${value}</arg>
<doc>Logs the given message with the given level.</doc>
<msg timestamp="20220316 16:41:45.061" level="INFO">Samsung</msg>
<status status="PASS" starttime="20220316 16:41:45.061" endtime="20220316 16:41:45.061"/>
</kw>
<status status="PASS" starttime="20220316 16:41:45.056" endtime="20220316 16:41:45.061"/>
</iter>
<iter>
<var name="${value}">Bar</var>
<kw name="Set Cell Value" library="RPA.Excel.Files">
<arg>${row}</arg>
<arg>${column}</arg>
<arg>${value}</arg>
<doc>Set a cell value in the given worksheet.</doc>
<status status="PASS" starttime="20220316 16:41:45.062" endtime="20220316 16:41:45.062"/>
</kw>
<kw name="Set Variable" library="BuiltIn">
<var>${column}</var>
<arg>${${column}+${1}}</arg>
<doc>Returns the given values which can then be assigned to a variables.</doc>
<msg timestamp="20220316 16:41:45.064" level="INFO">${column} = 5</msg>
<status status="PASS" starttime="20220316 16:41:45.062" endtime="20220316 16:41:45.064"/>
</kw>
<kw name="Log" library="BuiltIn">
<arg>${value}</arg>
<doc>Logs the given message with the given level.</doc>
<msg timestamp="20220316 16:41:45.064" level="INFO">Bar</msg>
<status status="PASS" starttime="20220316 16:41:45.064" endtime="20220316 16:41:45.064"/>
</kw>
<status status="PASS" starttime="20220316 16:41:45.062" endtime="20220316 16:41:45.064"/>
</iter>
<iter>
<var name="${value}">64 GB</var>
<kw name="Set Cell Value" library="RPA.Excel.Files">
<arg>${row}</arg>
<arg>${column}</arg>
<arg>${value}</arg>
<doc>Set a cell value in the given worksheet.</doc>
<status status="PASS" starttime="20220316 16:41:45.065" endtime="20220316 16:41:45.066"/>
</kw>
<kw name="Set Variable" library="BuiltIn">
<var>${column}</var>
<arg>${${column}+${1}}</arg>
<doc>Returns the given values which can then be assigned to a variables.</doc>
<msg timestamp="20220316 16:41:45.068" level="INFO">${column} = 6</msg>
<status status="PASS" starttime="20220316 16:41:45.066" endtime="20220316 16:41:45.068"/>
</kw>
<kw name="Log" library="BuiltIn">
<arg>${value}</arg>
<doc>Logs the given message with the given level.</doc>
<msg timestamp="20220316 16:41:45.069" level="INFO">64 GB</msg>
<status status="PASS" starttime="20220316 16:41:45.069" endtime="20220316 16:41:45.069"/>
</kw>
<status status="PASS" starttime="20220316 16:41:45.065" endtime="20220316 16:41:45.070"/>
</iter>
<iter>
<var name="${value}">₹9,499.00</var>
<kw name="Set Cell Value" library="RPA.Excel.Files">
<arg>${row}</arg>
<arg>${column}</arg>
<arg>${value}</arg>
<doc>Set a cell value in the given worksheet.</doc>
<status status="PASS" starttime="20220316 16:41:45.070" endtime="20220316 16:41:45.071"/>
</kw>
<kw name="Set Variable" library="BuiltIn">
<var>${column}</var>
<arg>${${column}+${1}}</arg>
<doc>Returns the given values which can then be assigned to a variables.</doc>
<msg timestamp="20220316 16:41:45.074" level="INFO">${column} = 7</msg>
<status status="PASS" starttime="20220316 16:41:45.071" endtime="20220316 16:41:45.074"/>
</kw>
<kw name="Log" library="BuiltIn">
<arg>${value}</arg>
<doc>Logs the given message with the given level.</doc>
[...]
</kw>
<kw name="Log" library="BuiltIn">
<arg>${value}</arg>
<doc>Logs the given message with the given level.</doc>
<msg timestamp="20220316 16:42:06.942" level="INFO">Unlocked for All Carriers</msg>
<status status="PASS" starttime="20220316 16:42:06.942" endtime="20220316 16:42:06.942"/>
</kw>
<status status="PASS" starttime="20220316 16:42:06.939" endtime="20220316 16:42:06.942"/>
</iter>
<iter>
<var name="${value}">Samsung</var>
<kw name="Set Cell Value" library="RPA.Excel.Files">
<arg>${row}</arg>
<arg>${column}</arg>
<arg>${value}</arg>
<doc>Set a cell value in the given worksheet.</doc>
<status status="PASS" starttime="20220316 16:42:06.943" endtime="20220316 16:42:06.943"/>
</kw>
<kw name="Set Variable" library="BuiltIn">
<var>${column}</var>
<arg>${${column}+${1}}</arg>
<doc>Returns the given values which can then be assigned to a variables.</doc>
<msg timestamp="20220316 16:42:06.946" level="INFO">${column} = 4</msg>
<status status="PASS" starttime="20220316 16:42:06.943" endtime="20220316 16:42:06.946"/>
</kw>
<kw name="Log" library="BuiltIn">
<arg>${value}</arg>
<doc>Logs the given message with the given level.</doc>
<msg timestamp="20220316 16:42:06.946" level="INFO">Samsung</msg>
<status status="PASS" starttime="20220316 16:42:06.946" endtime="20220316 16:42:06.946"/>
</kw>
<status status="PASS" starttime="20220316 16:42:06.942" endtime="20220316 16:42:06.946"/>
</iter>
<iter>
<var name="${value}">Bar</var>
<kw name="Set Cell Value" library="RPA.Excel.Files">
<arg>${row}</arg>
<arg>${column}</arg>
<arg>${value}</arg>
<doc>Set a cell value in the given worksheet.</doc>
<status status="PASS" starttime="20220316 16:42:06.947" endtime="20220316 16:42:06.947"/>
</kw>
<kw name="Set Variable" library="BuiltIn">
<var>${column}</var>
<arg>${${column}+${1}}</arg>
<doc>Returns the given values which can then be assigned to a variables.</doc>
<msg timestamp="20220316 16:42:06.949" level="INFO">${column} = 5</msg>
<status status="PASS" starttime="20220316 16:42:06.947" endtime="20220316 16:42:06.950"/>
</kw>
<kw name="Log" library="BuiltIn">
<arg>${value}</arg>
<doc>Logs the given message with the given level.</doc>
<msg timestamp="20220316 16:42:06.951" level="INFO">Bar</msg>
<status status="PASS" starttime="20220316 16:42:06.950" endtime="20220316 16:42:06.951"/>
</kw>
<status status="PASS" starttime="20220316 16:42:06.947" endtime="20220316 16:42:06.951"/>
</iter>
<iter>
<var name="${value}">128 GB</var>
<kw name="Set Cell Value" library="RPA.Excel.Files">
<arg>${row}</arg>
<arg>${column}</arg>
<arg>${value}</arg>
<doc>Set a cell value in the given worksheet.</doc>
<status status="PASS" starttime="20220316 16:42:06.952" endtime="20220316 16:42:06.952"/>
</kw>
<kw name="Set Variable" library="BuiltIn">
<var>${column}</var>
<arg>${${column}+${1}}</arg>
<doc>Returns the given values which can then be assigned to a variables.</doc>
<msg timestamp="20220316 16:42:06.956" level="INFO">${column} = 6</msg>
<status status="PASS" starttime="20220316 16:42:06.953" endtime="20220316 16:42:06.956"/>
</kw>
<kw name="Log" library="BuiltIn">
<arg>${value}</arg>
<doc>Logs the given message with the given level.</doc>
<msg timestamp="20220316 16:42:06.957" level="INFO">128 GB</msg>
<status status="PASS" starttime="20220316 16:42:06.956" endtime="20220316 16:42:06.957"/>
</kw>
<status status="PASS" starttime="20220316 16:42:06.951" endtime="20220316 16:42:06.957"/>
</iter>
<iter>
<var name="${value}">₹22,999.00</var>
<kw name="Set Cell Value" library="RPA.Excel.Files">
<arg>${row}</arg>
<arg>${column}</arg>
<arg>${value}</arg>
<doc>Set a cell value in the given worksheet.</doc>
<status status="PASS" starttime="20220316 16:42:06.957" endtime="20220316 16:42:06.958"/>
</kw>
<kw name="Set Variable" library="BuiltIn">
<var>${column}</var>
<arg>${${column}+${1}}</arg>
<doc>Returns the given values which can then be assigned to a variables.</doc>
<msg timestamp="20220316 16:42:06.961" level="INFO">${column} = 7</msg>
<status status="PASS" starttime="20220316 16:42:06.958" endtime="20220316 16:42:06.961"/>
</kw>
<kw name="Log" library="BuiltIn">
<arg>${value}</arg>
<doc>Logs the given message with the given level.</doc>
<msg timestamp="20220316 16:42:06.962" level="INFO">₹22,999.00</msg>
<status status="PASS" starttime="20220316 16:42:06.962" endtime="20220316 16:42:06.962"/>
</kw>
<status status="PASS" starttime="20220316 16:42:06.957" endtime="20220316 16:42:06.963"/>
</iter>
<status status="PASS" starttime="20220316 16:42:06.936" endtime="20220316 16:42:06.963"/>
</for>
<kw name="Log" library="BuiltIn">
<arg>${price}</arg>
<doc>Logs the given message with the given level.</doc>
<msg timestamp="20220316 16:42:06.963" level="INFO">₹22,999.00</msg>
<status status="PASS" starttime="20220316 16:42:06.963" endtime="20220316 16:42:06.963"/>
</kw>
<kw name="Save Workbook" library="RPA.Excel.Files">
<doc>Save the active workbook.</doc>
<status status="PASS" starttime="20220316 16:42:06.964" endtime="20220316 16:42:06.988"/>
</kw>
<kw name="Close Window" library="RPA.Browser.Selenium">
<doc>Closes currently opened and selected browser window/tab.</doc>
<status status="PASS" starttime="20220316 16:42:06.989" endtime="20220316 16:42:07.066"/>
</kw>
<status status="PASS" starttime="20220316 16:42:01.748" endtime="20220316 16:42:07.067"/>
</iter>
<iter>
<var name="${COUNT}">10</var>
<var name="${MOBILE-LOCATOR}">//*[@id="search"]/div[1]/div[1]/div/span[3]/div[2]/div[14]/div/div/div/div/div/div[2]/div/div/div[1]/h2/a/span</var>
<kw name="Get Window Handles" library="RPA.Browser.Selenium">
<var>${handles}</var>
<doc>Returns all child window handles of the selected browser as a list.</doc>
<msg timestamp="20220316 16:42:07.071" level="INFO">${handles} = ['CDwindow-9D2E9C4B16894F0B10DCB2616CB22EC7']</msg>
<status status="PASS" starttime="20220316 16:42:07.067" endtime="20220316 16:42:07.071"/>
</kw>
<kw name="Switch Window" library="RPA.Browser.Selenium">
<arg>${handles}[0]</arg>
<doc>Switches to browser window matching ``locator``.</doc>
<status status="PASS" starttime="20220316 16:42:07.071" endtime="20220316 16:42:07.080"/>
</kw>
<kw name="Click Element When Visible" library="RPA.Browser.Selenium">
<arg>${MOBILE-LOCATOR}</arg>
<doc>Click element identified by ``locator``, once it becomes visible.</doc>
<msg timestamp="20220316 16:42:07.100" level="INFO">Clicking element '//*[@id="search"]/div[1]/div[1]/div/span[3]/div[2]/div[14]/div/div/div/div/div/div[2]/div/div/div[1]/h2/a/span'.</msg>
<status status="PASS" starttime="20220316 16:42:07.080" endtime="20220316 16:42:07.182"/>
</kw>
<kw name="Get Window Handles" library="RPA.Browser.Selenium">
<var>${handles}</var>
<doc>Returns all child window handles of the selected browser as a list.</doc>
<msg timestamp="20220316 16:42:07.185" level="INFO">${handles} = ['CDwindow-9D2E9C4B16894F0B10DCB2616CB22EC7', 'CDwindow-35425B90B07579936AD708628C99AF00']</msg>
<status status="PASS" starttime="20220316 16:42:07.182" endtime="20220316 16:42:07.185"/>
</kw>
<kw name="Switch Window" library="RPA.Browser.Selenium">
<arg>${handles}[1]</arg>
<doc>Switches to browser window matching ``locator``.</doc>
<status status="PASS" starttime="20220316 16:42:07.185" endtime="20220316 16:42:07.212"/>
</kw>
<kw name="Get Text" library="RPA.Browser.Selenium">
<var>${Price}</var>
<arg>xpath://*[@id="corePrice_desktop"]/div/table/tbody/tr[2]/td[2]/span[1]/span[2]</arg>
<doc>Returns the text value of the element identified by ``locator``.</doc>
<msg timestamp="20220316 16:42:11.409" level="INFO">${Price} = ₹20,999.00</msg>
<status status="PASS" starttime="20220316 16:42:07.213" endtime="20220316 16:42:11.409"/>
</kw>
<kw name="Get Element Attribute" library="RPA.Browser.Selenium">
<var>${Html_Table}</var>
<arg>css:#productOverview_feature_div</arg>
<arg>outerHTML</arg>
<doc>Returns the value of ``attribute`` from the element ``locator``.</doc>
<msg timestamp="20220316 16:42:11.439" level="INFO">${Html_Table} = &lt;div id="productOverview_feature_div" class="celwidget" data-feature-name="productOverview" data-csa-c-id="v94kfd-frnm01-m6mhhq-x9r0g1" data-cel-widget="productOverview_feature_div"&gt;
                 ...</msg>
<status status="PASS" starttime="20220316 16:42:11.410" endtime="20220316 16:42:11.439"/>
</kw>
<kw name="Read Table From Html" library="html_tables">
<var>${table}</var>
<arg>${html_table}</arg>
<doc>Parses and returns the given HTML table as a Table structure.</doc>
<msg timestamp="20220316 16:42:11.442" level="INFO">${table} = Table(columns=[0, 1], rows=5)</msg>
<status status="PASS" starttime="20220316 16:42:11.439" endtime="20220316 16:42:11.442"/>
</kw>
<kw name="Add Table Row" library="RPA.Tables">
<arg>${table}</arg>
<arg>${Price}</arg>
<doc>Append rows to a table.</doc>
<status status="PASS" starttime="20220316 16:42:11.443" endtime="20220316 16:42:11.443"/>
</kw>
<kw name="Get Table Dimensions" library="RPA.Tables">
<var>${dimensions}</var>
<arg>${table}</arg>
<doc>Return table dimensions, as (rows, columns).</doc>
<msg timestamp="20220316 16:42:11.444" level="INFO">${dimensions} = (6, 2)</msg>
<status status="PASS" starttime="20220316 16:42:11.443" endtime="20220316 16:42:11.444"/>
</kw>
<kw name="Get Table Column" library="RPA.Tables">
<var>${first_row}</var>
<arg>${table}</arg>
<arg>${1}</arg>
<doc>Get all values for a single column in a table.</doc>
<msg timestamp="20220316 16:42:11.445" level="INFO">${first_row} = ['Galaxy M32 5G', 'Unlocked for All Carriers', 'Samsung', 'Bar', '128 GB', '₹20,999.00']</msg>
<status status="PASS" starttime="20220316 16:42:11.444" endtime="20220316 16:42:11.445"/>
</kw>
<kw name="Open Workbook" library="RPA.Excel.Files">
<arg>Scrap_Data.xlsx</arg>
<doc>Open an existing Excel workbook.</doc>
<msg timestamp="20220316 16:42:11.445" level="INFO">Closing workbook: &lt;RPA.Excel.Files.XlsxWorkbook object at 0x0000025FEFCA06C8&gt;</msg>
<msg timestamp="20220316 16:42:11.458" level="INFO">Opened workbook: &lt;RPA.Excel.Files.XlsxWorkbook object at 0x0000025FEFCA06C8&gt;</msg>
<status status="PASS" starttime="20220316 16:42:11.445" endtime="20220316 16:42:11.458"/>
</kw>
<kw name="Read Worksheet As Table" library="RPA.Excel.Files">
<var>${table-Read}</var>
<doc>Read the content of a worksheet into a Table container. Allows
sorting/filtering/manipulating using the ``RPA.Tables`` library.</doc>
<msg timestamp="20220316 16:42:11.459" level="INFO">Created table: Table(columns=['A', 'B', 'C', 'D', 'E', 'F'], rows=10)</msg>
<msg timestamp="20220316 16:42:11.460" level="INFO">${table-Read} = Table(columns=['A', 'B', 'C', 'D', 'E', 'F'], rows=10)</msg>
<status status="PASS" starttime="20220316 16:42:11.458" endtime="20220316 16:42:11.460"/>
</kw>
<kw name="Get Length" library="BuiltIn">
<var>${count_table}</var>
<arg>${table-Read}</arg>
<doc>Returns and logs the length of the given item as an integer.</doc>
<msg timestamp="20220316 16:42:11.461" level="INFO">Length is 10</msg>
<msg timestamp="20220316 16:42:11.461" level="INFO">${count_table} = 10</msg>
<status status="PASS" starttime="20220316 16:42:11.460" endtime="20220316 16:42:11.461"/>
</kw>
<kw name="Set Variable" library="BuiltIn">
<var>${row}</var>
<arg>${${count_table}+${1}}</arg>
<doc>Returns the given values which can then be assigned to a variables.</doc>
<msg timestamp="20220316 16:42:11.465" level="INFO">${row} = 11</msg>
<status status="PASS" starttime="20220316 16:42:11.461" endtime="20220316 16:42:11.465"/>
</kw>
<kw name="Set Variable" library="BuiltIn">
<var>${column}</var>
<arg>${1}</arg>
<doc>Returns the given values which can then be assigned to a variables.</doc>
<msg timestamp="20220316 16:42:11.466" level="INFO">${column} = 1</msg>
<status status="PASS" starttime="20220316 16:42:11.465" endtime="20220316 16:42:11.466"/>
</kw>
<for flavor="IN">
<var>${value}</var>
<value>@{first_row}</value>
<iter>
<var name="${value}">Galaxy M32 5G</var>
<kw name="Set Cell Value" library="RPA.Excel.Files">
<arg>${row}</arg>
<arg>${column}</arg>
<arg>${value}</arg>
<doc>Set a cell value in the given worksheet.</doc>
<status status="PASS" starttime="20220316 16:42:11.467" endtime="20220316 16:42:11.467"/>
</kw>
<kw name="Set Variable" library="BuiltIn">
<var>${column}</var>
<arg>${${column}+${1}}</arg>
<doc>Returns the given values which can then be assigned to a variables.</doc>
<msg timestamp="20220316 16:42:11.470" level="INFO">${column} = 2</msg>
<status status="PASS" starttime="20220316 16:42:11.467" endtime="20220316 16:42:11.470"/>
</kw>
<kw name="Log" library="BuiltIn">
<arg>${value}</arg>
<doc>Logs the given message with the given level.</doc>
<msg timestamp="20220316 16:42:11.472" level="INFO">Galaxy M32 5G</msg>
<status status="PASS" starttime="20220316 16:42:11.472" endtime="20220316 16:42:11.472"/>
</kw>
<status status="PASS" starttime="20220316 16:42:11.466" endtime="20220316 16:42:11.472"/>
</iter>
<iter>
<var name="${value}">Unlocked for All Carriers</var>
<kw name="Set Cell Value" library="RPA.Excel.Files">
<arg>${row}</arg>
<arg>${column}</arg>
<arg>${value}</arg>
<doc>Set a cell value in the given worksheet.</doc>
<status status="PASS" starttime="20220316 16:42:11.473" endtime="20220316 16:42:11.474"/>
</kw>
<kw name="Set Variable" library="BuiltIn">
<var>${column}</var>
<arg>${${column}+${1}}</arg>
<doc>Returns the given values which can then be assigned to a variables.</doc>
<msg timestamp="20220316 16:42:11.477" level="INFO">${column} = 3</msg>
<status status="PASS" starttime="20220316 16:42:11.474" endtime="20220316 16:42:11.477"/>
</kw>
<kw name="Log" library="BuiltIn">
<arg>${value}</arg>
<doc>Logs the given message with the given level.</doc>
<msg timestamp="20220316 16:42:11.477" level="INFO">Unlocked for All Carriers</msg>
<status status="PASS" starttime="20220316 16:42:11.477" endtime="20220316 16:42:11.477"/>
</kw>
<status status="PASS" starttime="20220316 16:42:11.473" endtime="20220316 16:42:11.477"/>
</iter>
<iter>
<var name="${value}">Samsung</var>
<kw name="Set Cell Value" library="RPA.Excel.Files">
<arg>${row}</arg>
<arg>${column}</arg>
<arg>${value}</arg>
<doc>Set a cell value in the given worksheet.</doc>
<status status="PASS" starttime="20220316 16:42:11.477" endtime="20220316 16:42:11.478"/>
</kw>
<kw name="Set Variable" library="BuiltIn">
<var>${column}</var>
<arg>${${column}+${1}}</arg>
<doc>Returns the given values which can then be assigned to a variables.</doc>
<msg timestamp="20220316 16:42:11.480" level="INFO">${column} = 4</msg>
<status status="PASS" starttime="20220316 16:42:11.478" endtime="20220316 16:42:11.480"/>
</kw>
<kw name="Log" library="BuiltIn">
<arg>${value}</arg>
<doc>Logs the given message with the given level.</doc>
<msg timestamp="20220316 16:42:11.481" level="INFO">Samsung</msg>
<status status="PASS" starttime="20220316 16:42:11.481" endtime="20220316 16:42:11.481"/>
</kw>
<status status="PASS" starttime="20220316 16:42:11.477" endtime="20220316 16:42:11.481"/>
</iter>
<iter>
<var name="${value}">Bar</var>
<kw name="Set Cell Value" library="RPA.Excel.Files">
<arg>${row}</arg>
<arg>${column}</arg>
<arg>${value}</arg>
<doc>Set a cell value in the given worksheet.</doc>
<status status="PASS" starttime="20220316 16:42:11.482" endtime="20220316 16:42:11.482"/>
</kw>
<kw name="Set Variable" library="BuiltIn">
<var>${column}</var>
<arg>${${column}+${1}}</arg>
<doc>Returns the given values which can then be assigned to a variables.</doc>
<msg timestamp="20220316 16:42:11.484" level="INFO">${column} = 5</msg>
<status status="PASS" starttime="20220316 16:42:11.482" endtime="20220316 16:42:11.484"/>
</kw>
<kw name="Log" library="BuiltIn">
<arg>${value}</arg>
<doc>Logs the given message with the given level.</doc>
<msg timestamp="20220316 16:42:11.484" level="INFO">Bar</msg>
<status status="PASS" starttime="20220316 16:42:11.484" endtime="20220316 16:42:11.485"/>
</kw>
<status status="PASS" starttime="20220316 16:42:11.481" endtime="20220316 16:42:11.485"/>
</iter>
<iter>
<var name="${value}">128 GB</var>
<kw name="Set Cell Value" library="RPA.Excel.Files">
<arg>${row}</arg>
<arg>${column}</arg>
<arg>${value}</arg>
<doc>Set a cell value in the given worksheet.</doc>
<status status="PASS" starttime="20220316 16:42:11.485" endtime="20220316 16:42:11.486"/>
</kw>
<kw name="Set Variable" library="BuiltIn">
<var>${column}</var>
<arg>${${column}+${1}}</arg>
<doc>Returns the given values which can then be assigned to a variables.</doc>
<msg timestamp="20220316 16:42:11.487" level="INFO">${column} = 6</msg>
<status status="PASS" starttime="20220316 16:42:11.486" endtime="20220316 16:42:11.487"/>
</kw>
<kw name="Log" library="BuiltIn">
<arg>${value}</arg>
<doc>Logs the given message with the given level.</doc>
<msg timestamp="20220316 16:42:11.488" level="INFO">128 GB</msg>
<status status="PASS" starttime="20220316 16:42:11.487" endtime="20220316 16:42:11.488"/>
</kw>
<status status="PASS" starttime="20220316 16:42:11.485" endtime="20220316 16:42:11.488"/>
</iter>
<iter>
<var name="${value}">₹20,999.00</var>
<kw name="Set Cell Value" library="RPA.Excel.Files">
<arg>${row}</arg>
<arg>${column}</arg>
<arg>${value}</arg>
<doc>Set a cell value in the given worksheet.</doc>
<status status="PASS" starttime="20220316 16:42:11.488" endtime="20220316 16:42:11.488"/>
</kw>
<kw name="Set Variable" library="BuiltIn">
<var>${column}</var>
<arg>${${column}+${1}}</arg>
<doc>Returns the given values which can then be assigned to a variables.</doc>
<msg timestamp="20220316 16:42:11.490" level="INFO">${column} = 7</msg>
<status status="PASS" starttime="20220316 16:42:11.489" endtime="20220316 16:42:11.490"/>
</kw>
<kw name="Log" library="BuiltIn">
<arg>${value}</arg>
<doc>Logs the given message with the given level.</doc>
<msg timestamp="20220316 16:42:11.490" level="INFO">₹20,999.00</msg>
<status status="PASS" starttime="20220316 16:42:11.490" endtime="20220316 16:42:11.491"/>
</kw>
<status status="PASS" starttime="20220316 16:42:11.488" endtime="20220316 16:42:11.491"/>
</iter>
<status status="PASS" starttime="20220316 16:42:11.466" endtime="20220316 16:42:11.491"/>
</for>
<kw name="Log" library="BuiltIn">
<arg>${price}</arg>
<doc>Logs the given message with the given level.</doc>
<msg timestamp="20220316 16:42:11.491" level="INFO">₹20,999.00</msg>
<status status="PASS" starttime="20220316 16:42:11.491" endtime="20220316 16:42:11.491"/>
</kw>
<kw name="Save Workbook" library="RPA.Excel.Files">
<doc>Save the active workbook.</doc>
<status status="PASS" starttime="20220316 16:42:11.491" endtime="20220316 16:42:11.511"/>
</kw>
<kw name="Close Window" library="RPA.Browser.Selenium">
<doc>Closes currently opened and selected browser window/tab.</doc>
<status status="PASS" starttime="20220316 16:42:11.511" endtime="20220316 16:42:11.633"/>
</kw>
<status status="PASS" starttime="20220316 16:42:07.067" endtime="20220316 16:42:11.633"/>
</iter>
<status status="PASS" starttime="20220316 16:41:17.433" endtime="20220316 16:42:11.634"/>
</for>
<status status="PASS" starttime="20220316 16:41:17.379" endtime="20220316 16:42:11.634"/>
</kw>
<status status="PASS" starttime="20220316 16:41:07.435" endtime="20220316 16:42:11.634"/>
</test>
<doc>Insert the samsung mobile data into excel file from amazon website.</doc>
<status status="PASS" starttime="20220316 16:41:04.152" endtime="20220316 16:42:11.634"/>
</suite>
<statistics>
<total>
<stat pass="1" fail="0" skip="0">All Tasks</stat>
</total>
<tag>
</tag>
<suite>
<stat pass="1" fail="0" skip="0" id="s1" name="Tasks">Tasks</stat>
</suite>
</statistics>
<errors>
</errors>
</robot>
